<?xml version="1.0" encoding="UTF-8"?>
<robot generator="Robot 3.2.2 (Python 3.9.0 on darwin)" generated="20210106 13:29:16.034" rpa="false">
<suite id="s1" name="Tests" source="/Users/victortulabot/Desktop/stsweng-kubernetes/src/tests">
<suite id="s1-s1" name="Appointment Register" source="/Users/victortulabot/Desktop/stsweng-kubernetes/src/tests/appointment_register.robot">
<test id="s1-s1-t1" name="Set Appointment">
<kw name="Successful Login" library="resource">
<kw name="Open Browser To Login Page" library="resource">
<kw name="Open Browser" library="SeleniumLibrary">
<doc>Opens a new browser instance to the optional ``url``.</doc>
<arguments>
<arg>${SERVER}</arg>
<arg>${BROWSER}</arg>
</arguments>
<msg timestamp="20210106 13:29:16.285" level="INFO">Opening browser 'Chrome' to base url 'localhost:3001'.</msg>
<status status="PASS" starttime="20210106 13:29:16.285" endtime="20210106 13:29:20.921"></status>
</kw>
<kw name="Click Link" library="SeleniumLibrary">
<doc>Clicks a link identified by ``locator``.</doc>
<arguments>
<arg>link=Login</arg>
</arguments>
<msg timestamp="20210106 13:29:20.924" level="INFO">Clicking link 'link=Login'.</msg>
<status status="PASS" starttime="20210106 13:29:20.922" endtime="20210106 13:29:21.016"></status>
</kw>
<kw name="Login Page Should Be Open" library="resource">
<kw name="Wait Until Page Contains Element" library="SeleniumLibrary">
<doc>Waits until the element ``locator`` appears on the current page.</doc>
<arguments>
<arg>id=loginbtn</arg>
</arguments>
<status status="PASS" starttime="20210106 13:29:21.016" endtime="20210106 13:29:21.032"></status>
</kw>
<status status="PASS" starttime="20210106 13:29:21.016" endtime="20210106 13:29:21.032"></status>
</kw>
<kw name="Set Selenium Speed" library="SeleniumLibrary">
<doc>Sets the delay that is waited after each Selenium command.</doc>
<arguments>
<arg>${DELAY}</arg>
</arguments>
<status status="PASS" starttime="20210106 13:29:21.032" endtime="20210106 13:29:21.033"></status>
</kw>
<status status="PASS" starttime="20210106 13:29:16.284" endtime="20210106 13:29:21.033"></status>
</kw>
<kw name="Login Page Should Be Open" library="resource">
<kw name="Wait Until Page Contains Element" library="SeleniumLibrary">
<doc>Waits until the element ``locator`` appears on the current page.</doc>
<arguments>
<arg>id=loginbtn</arg>
</arguments>
<status status="PASS" starttime="20210106 13:29:21.033" endtime="20210106 13:29:21.242"></status>
</kw>
<status status="PASS" starttime="20210106 13:29:21.033" endtime="20210106 13:29:21.243"></status>
</kw>
<kw name="Input Username" library="resource">
<arguments>
<arg>sample@gmail.com</arg>
</arguments>
<kw name="Input Text" library="SeleniumLibrary">
<doc>Types the given ``text`` into the text field identified by ``locator``.</doc>
<arguments>
<arg>id=loginemail_modal</arg>
<arg>${username}</arg>
</arguments>
<msg timestamp="20210106 13:29:21.245" level="INFO">Typing text 'sample@gmail.com' into text field 'id=loginemail_modal'.</msg>
<status status="PASS" starttime="20210106 13:29:21.244" endtime="20210106 13:29:22.081"></status>
</kw>
<status status="PASS" starttime="20210106 13:29:21.243" endtime="20210106 13:29:22.081"></status>
</kw>
<kw name="Input Password" library="resource">
<arguments>
<arg>sample12</arg>
</arguments>
<kw name="Input Text" library="SeleniumLibrary">
<doc>Types the given ``text`` into the text field identified by ``locator``.</doc>
<arguments>
<arg>id=loginpass_modal</arg>
<arg>${password}</arg>
</arguments>
<msg timestamp="20210106 13:29:22.083" level="INFO">Typing text 'sample12' into text field 'id=loginpass_modal'.</msg>
<status status="PASS" starttime="20210106 13:29:22.082" endtime="20210106 13:29:22.819"></status>
</kw>
<status status="PASS" starttime="20210106 13:29:22.081" endtime="20210106 13:29:22.820"></status>
</kw>
<kw name="Click Button" library="SeleniumLibrary">
<doc>Clicks the button identified by ``locator``.</doc>
<arguments>
<arg>id=loginbtn</arg>
</arguments>
<msg timestamp="20210106 13:29:22.821" level="INFO">Clicking button 'id=loginbtn'.</msg>
<status status="PASS" starttime="20210106 13:29:22.820" endtime="20210106 13:29:25.062"></status>
</kw>
<kw name="User Profile Page Should Be Open" library="resource">
<kw name="Wait Until Page Contains Element" library="SeleniumLibrary">
<doc>Waits until the element ``locator`` appears on the current page.</doc>
<arguments>
<arg>id=profileapp-table_wrapper</arg>
</arguments>
<status status="PASS" starttime="20210106 13:29:25.064" endtime="20210106 13:29:25.284"></status>
</kw>
<kw name="Element Text Should Be" library="SeleniumLibrary">
<doc>Verifies that element ``locator`` contains exact the text ``expected``.</doc>
<arguments>
<arg>css=p:nth-child(3)</arg>
<arg>Address: 123 Blk 00, sample's address\nContact Number: 09177112470\nBirthday: 1998-12-17</arg>
</arguments>
<msg timestamp="20210106 13:29:25.286" level="INFO">Verifying element 'css=p:nth-child(3)' contains exact text 'Address: 123 Blk 00, sample's address
Contact Number: 09177112470
Birthday: 1998-12-17'.</msg>
<status status="PASS" starttime="20210106 13:29:25.285" endtime="20210106 13:29:25.734"></status>
</kw>
<kw name="Element Text Should Be" library="SeleniumLibrary">
<doc>Verifies that element ``locator`` contains exact the text ``expected``.</doc>
<arguments>
<arg>css=.nav-item &gt; h6</arg>
<arg>Last, First</arg>
</arguments>
<msg timestamp="20210106 13:29:25.736" level="INFO">Verifying element 'css=.nav-item &gt; h6' contains exact text 'Last, First'.</msg>
<status status="PASS" starttime="20210106 13:29:25.734" endtime="20210106 13:29:26.181"></status>
</kw>
<status status="PASS" starttime="20210106 13:29:25.063" endtime="20210106 13:29:26.181"></status>
</kw>
<status status="PASS" starttime="20210106 13:29:16.283" endtime="20210106 13:29:26.182"></status>
</kw>
<kw name="User Profile Page Should Be Open" library="resource">
<kw name="Wait Until Page Contains Element" library="SeleniumLibrary">
<doc>Waits until the element ``locator`` appears on the current page.</doc>
<arguments>
<arg>id=profileapp-table_wrapper</arg>
</arguments>
<status status="PASS" starttime="20210106 13:29:26.183" endtime="20210106 13:29:26.399"></status>
</kw>
<kw name="Element Text Should Be" library="SeleniumLibrary">
<doc>Verifies that element ``locator`` contains exact the text ``expected``.</doc>
<arguments>
<arg>css=p:nth-child(3)</arg>
<arg>Address: 123 Blk 00, sample's address\nContact Number: 09177112470\nBirthday: 1998-12-17</arg>
</arguments>
<msg timestamp="20210106 13:29:26.400" level="INFO">Verifying element 'css=p:nth-child(3)' contains exact text 'Address: 123 Blk 00, sample's address
Contact Number: 09177112470
Birthday: 1998-12-17'.</msg>
<status status="PASS" starttime="20210106 13:29:26.399" endtime="20210106 13:29:26.834"></status>
</kw>
<kw name="Element Text Should Be" library="SeleniumLibrary">
<doc>Verifies that element ``locator`` contains exact the text ``expected``.</doc>
<arguments>
<arg>css=.nav-item &gt; h6</arg>
<arg>Last, First</arg>
</arguments>
<msg timestamp="20210106 13:29:26.836" level="INFO">Verifying element 'css=.nav-item &gt; h6' contains exact text 'Last, First'.</msg>
<status status="PASS" starttime="20210106 13:29:26.835" endtime="20210106 13:29:27.268"></status>
</kw>
<status status="PASS" starttime="20210106 13:29:26.182" endtime="20210106 13:29:27.269"></status>
</kw>
<kw name="Click Link" library="SeleniumLibrary">
<doc>Clicks a link identified by ``locator``.</doc>
<arguments>
<arg>link=Appointments</arg>
</arguments>
<msg timestamp="20210106 13:29:27.270" level="INFO">Clicking link 'link=Appointments'.</msg>
<status status="PASS" starttime="20210106 13:29:27.269" endtime="20210106 13:29:28.342"></status>
</kw>
<kw name="Wait Until Page Contains Element" library="SeleniumLibrary">
<doc>Waits until the element ``locator`` appears on the current page.</doc>
<arguments>
<arg>id=submit_btn</arg>
</arguments>
<status status="PASS" starttime="20210106 13:29:28.347" endtime="20210106 13:29:28.565"></status>
</kw>
<kw name="Click Element" library="SeleniumLibrary">
<doc>Click the element identified by ``locator``.</doc>
<arguments>
<arg>id=submit_btn</arg>
</arguments>
<msg timestamp="20210106 13:29:28.567" level="INFO">Clicking element 'id=submit_btn'.</msg>
<status status="PASS" starttime="20210106 13:29:28.566" endtime="20210106 13:29:29.042"></status>
</kw>
<kw name="Element Text Should Be" library="SeleniumLibrary">
<doc>Verifies that element ``locator`` contains exact the text ``expected``.</doc>
<arguments>
<arg>css=.invalid-feedback:nth-child(5)</arg>
<arg>Choose a doctor.</arg>
</arguments>
<msg timestamp="20210106 13:29:29.044" level="INFO">Verifying element 'css=.invalid-feedback:nth-child(5)' contains exact text 'Choose a doctor.'.</msg>
<status status="PASS" starttime="20210106 13:29:29.043" endtime="20210106 13:29:29.485"></status>
</kw>
<kw name="Select From List By Index" library="SeleniumLibrary">
<doc>Selects options from selection list ``locator`` by ``indexes``.</doc>
<arguments>
<arg>id=appointment_name</arg>
<arg>1</arg>
</arguments>
<msg timestamp="20210106 13:29:29.486" level="INFO">Selecting options from selection list 'id=appointment_name' by index 1.</msg>
<status status="PASS" starttime="20210106 13:29:29.485" endtime="20210106 13:29:31.460"></status>
</kw>
<kw name="Select From List By Index" library="SeleniumLibrary">
<doc>Selects options from selection list ``locator`` by ``indexes``.</doc>
<arguments>
<arg>id=appointment_day</arg>
<arg>1</arg>
</arguments>
<msg timestamp="20210106 13:29:31.461" level="INFO">Selecting options from selection list 'id=appointment_day' by index 1.</msg>
<status status="PASS" starttime="20210106 13:29:31.460" endtime="20210106 13:29:33.442"></status>
</kw>
<kw name="Input Text" library="SeleniumLibrary">
<doc>Types the given ``text`` into the text field identified by ``locator``.</doc>
<arguments>
<arg>id=appointment_date</arg>
<arg>2022-01-03</arg>
</arguments>
<msg timestamp="20210106 13:29:33.443" level="INFO">Typing text '2022-01-03' into text field 'id=appointment_date'.</msg>
<status status="PASS" starttime="20210106 13:29:33.443" endtime="20210106 13:29:34.195"></status>
</kw>
<kw name="Alert Should Be Present" library="SeleniumLibrary">
<doc>Verifies that an alert is present and by default, accepts it.</doc>
<arguments>
<arg>Please choose a day that is Monday.</arg>
</arguments>
<status status="PASS" starttime="20210106 13:29:34.196" endtime="20210106 13:29:34.818"></status>
</kw>
<kw name="Click Element" library="SeleniumLibrary">
<doc>Click the element identified by ``locator``.</doc>
<arguments>
<arg>id=appointment_date</arg>
</arguments>
<msg timestamp="20210106 13:29:34.819" level="INFO">Clicking element 'id=appointment_date'.</msg>
<status status="PASS" starttime="20210106 13:29:34.819" endtime="20210106 13:29:35.276"></status>
</kw>
<kw name="Input Text" library="SeleniumLibrary">
<doc>Types the given ``text`` into the text field identified by ``locator``.</doc>
<arguments>
<arg>id=appointment_date</arg>
<arg>2022</arg>
</arguments>
<msg timestamp="20210106 13:29:35.278" level="INFO">Typing text '2022' into text field 'id=appointment_date'.</msg>
<status status="PASS" starttime="20210106 13:29:35.277" endtime="20210106 13:29:35.968"></status>
</kw>
<kw name="Click Element" library="SeleniumLibrary">
<doc>Click the element identified by ``locator``.</doc>
<arguments>
<arg>id=appointment_reason</arg>
</arguments>
<msg timestamp="20210106 13:29:35.969" level="INFO">Clicking element 'id=appointment_reason'.</msg>
<status status="PASS" starttime="20210106 13:29:35.969" endtime="20210106 13:29:36.446"></status>
</kw>
<kw name="Click Element" library="SeleniumLibrary">
<doc>Click the element identified by ``locator``.</doc>
<arguments>
<arg>id=appointment_date</arg>
</arguments>
<msg timestamp="20210106 13:29:36.447" level="INFO">Clicking element 'id=appointment_date'.</msg>
<status status="PASS" starttime="20210106 13:29:36.446" endtime="20210106 13:29:36.917"></status>
</kw>
<kw name="Input Text" library="SeleniumLibrary">
<doc>Types the given ``text`` into the text field identified by ``locator``.</doc>
<arguments>
<arg>id=appointment_date</arg>
<arg>0103</arg>
</arguments>
<msg timestamp="20210106 13:29:36.920" level="INFO">Typing text '0103' into text field 'id=appointment_date'.</msg>
<status status="PASS" starttime="20210106 13:29:36.919" endtime="20210106 13:29:37.618"></status>
</kw>
<kw name="Input Text" library="SeleniumLibrary">
<doc>Types the given ``text`` into the text field identified by ``locator``.</doc>
<arguments>
<arg>id=appointment_time</arg>
<arg>0900am</arg>
</arguments>
<msg timestamp="20210106 13:29:37.621" level="INFO">Typing text '0900am' into text field 'id=appointment_time'.</msg>
<status status="PASS" starttime="20210106 13:29:37.620" endtime="20210106 13:29:38.359"></status>
</kw>
<kw name="Input Text" library="SeleniumLibrary">
<doc>Types the given ``text`` into the text field identified by ``locator``.</doc>
<arguments>
<arg>id=appointment_reason</arg>
<arg>test</arg>
</arguments>
<msg timestamp="20210106 13:29:38.360" level="INFO">Typing text 'test' into text field 'id=appointment_reason'.</msg>
<status status="PASS" starttime="20210106 13:29:38.359" endtime="20210106 13:29:39.086"></status>
</kw>
<kw name="Click Element" library="SeleniumLibrary">
<doc>Click the element identified by ``locator``.</doc>
<arguments>
<arg>id=submit_btn</arg>
</arguments>
<msg timestamp="20210106 13:29:39.087" level="INFO">Clicking element 'id=submit_btn'.</msg>
<status status="PASS" starttime="20210106 13:29:39.086" endtime="20210106 13:29:39.570"></status>
</kw>
<kw name="Wait Until Page Contains Element" library="SeleniumLibrary">
<doc>Waits until the element ``locator`` appears on the current page.</doc>
<arguments>
<arg>css=.btn-secondary</arg>
</arguments>
<status status="PASS" starttime="20210106 13:29:39.570" endtime="20210106 13:29:39.788"></status>
</kw>
<kw name="Element Text Should Be" library="SeleniumLibrary">
<doc>Verifies that element ``locator`` contains exact the text ``expected``.</doc>
<arguments>
<arg>id=app-date</arg>
<arg>2022-01-03</arg>
</arguments>
<msg timestamp="20210106 13:29:39.789" level="INFO">Verifying element 'id=app-date' contains exact text '2022-01-03'.</msg>
<status status="PASS" starttime="20210106 13:29:39.789" endtime="20210106 13:29:40.235"></status>
</kw>
<kw name="Element Text Should Be" library="SeleniumLibrary">
<doc>Verifies that element ``locator`` contains exact the text ``expected``.</doc>
<arguments>
<arg>id=app-time</arg>
<arg>09:00</arg>
</arguments>
<msg timestamp="20210106 13:29:40.237" level="INFO">Verifying element 'id=app-time' contains exact text '09:00'.</msg>
<status status="PASS" starttime="20210106 13:29:40.236" endtime="20210106 13:29:40.683"></status>
</kw>
<kw name="Element Text Should Be" library="SeleniumLibrary">
<doc>Verifies that element ``locator`` contains exact the text ``expected``.</doc>
<arguments>
<arg>id=app-doc</arg>
<arg>Albana, Natalio</arg>
</arguments>
<msg timestamp="20210106 13:29:40.684" level="INFO">Verifying element 'id=app-doc' contains exact text 'Albana, Natalio'.</msg>
<status status="PASS" starttime="20210106 13:29:40.683" endtime="20210106 13:29:41.127"></status>
</kw>
<kw name="Element Text Should Be" library="SeleniumLibrary">
<doc>Verifies that element ``locator`` contains exact the text ``expected``.</doc>
<arguments>
<arg>id=app-reason</arg>
<arg>test</arg>
</arguments>
<msg timestamp="20210106 13:29:41.128" level="INFO">Verifying element 'id=app-reason' contains exact text 'test'.</msg>
<status status="PASS" starttime="20210106 13:29:41.127" endtime="20210106 13:29:41.570"></status>
</kw>
<kw name="Click Element" library="SeleniumLibrary">
<doc>Click the element identified by ``locator``.</doc>
<arguments>
<arg>css=.btn-secondary</arg>
</arguments>
<msg timestamp="20210106 13:29:41.571" level="INFO">Clicking element 'css=.btn-secondary'.</msg>
<status status="PASS" starttime="20210106 13:29:41.571" endtime="20210106 13:29:42.043"></status>
</kw>
<kw name="Click Element" library="SeleniumLibrary">
<doc>Click the element identified by ``locator``.</doc>
<arguments>
<arg>id=submit_btn</arg>
</arguments>
<msg timestamp="20210106 13:29:42.045" level="INFO">Clicking element 'id=submit_btn'.</msg>
<status status="PASS" starttime="20210106 13:29:42.044" endtime="20210106 13:29:42.505"></status>
</kw>
<kw name="Click Element" library="SeleniumLibrary">
<doc>Click the element identified by ``locator``.</doc>
<arguments>
<arg>id=submit_btn_modal</arg>
</arguments>
<msg timestamp="20210106 13:29:42.506" level="INFO">Clicking element 'id=submit_btn_modal'.</msg>
<status status="PASS" starttime="20210106 13:29:42.506" endtime="20210106 13:29:43.672"></status>
</kw>
<kw name="Wait Until Page Contains Element" library="SeleniumLibrary">
<doc>Waits until the element ``locator`` appears on the current page.</doc>
<arguments>
<arg>css=#profileapp-table td:nth-child(1)</arg>
</arguments>
<status status="PASS" starttime="20210106 13:29:43.672" endtime="20210106 13:29:43.893"></status>
</kw>
<kw name="Close Browser" library="SeleniumLibrary">
<doc>Closes the current browser.</doc>
<status status="PASS" starttime="20210106 13:29:43.894" endtime="20210106 13:29:44.233"></status>
</kw>
<kw name="Cancel Appointment">
<kw name="Successful Login" library="resource">
<kw name="Open Browser To Login Page" library="resource">
<kw name="Open Browser" library="SeleniumLibrary">
<doc>Opens a new browser instance to the optional ``url``.</doc>
<arguments>
<arg>${SERVER}</arg>
<arg>${BROWSER}</arg>
</arguments>
<msg timestamp="20210106 13:29:44.238" level="INFO">Opening browser 'Chrome' to base url 'localhost:3001'.</msg>
<status status="PASS" starttime="20210106 13:29:44.238" endtime="20210106 13:29:49.025"></status>
</kw>
<kw name="Click Link" library="SeleniumLibrary">
<doc>Clicks a link identified by ``locator``.</doc>
<arguments>
<arg>link=Login</arg>
</arguments>
<msg timestamp="20210106 13:29:49.026" level="INFO">Clicking link 'link=Login'.</msg>
<status status="PASS" starttime="20210106 13:29:49.025" endtime="20210106 13:29:49.755"></status>
</kw>
<kw name="Login Page Should Be Open" library="resource">
<kw name="Wait Until Page Contains Element" library="SeleniumLibrary">
<doc>Waits until the element ``locator`` appears on the current page.</doc>
<arguments>
<arg>id=loginbtn</arg>
</arguments>
<status status="PASS" starttime="20210106 13:29:49.756" endtime="20210106 13:29:49.973"></status>
</kw>
<status status="PASS" starttime="20210106 13:29:49.755" endtime="20210106 13:29:49.974"></status>
</kw>
<kw name="Set Selenium Speed" library="SeleniumLibrary">
<doc>Sets the delay that is waited after each Selenium command.</doc>
<arguments>
<arg>${DELAY}</arg>
</arguments>
<status status="PASS" starttime="20210106 13:29:49.974" endtime="20210106 13:29:49.975"></status>
</kw>
<status status="PASS" starttime="20210106 13:29:44.237" endtime="20210106 13:29:49.975"></status>
</kw>
<kw name="Login Page Should Be Open" library="resource">
<kw name="Wait Until Page Contains Element" library="SeleniumLibrary">
<doc>Waits until the element ``locator`` appears on the current page.</doc>
<arguments>
<arg>id=loginbtn</arg>
</arguments>
<status status="PASS" starttime="20210106 13:29:49.977" endtime="20210106 13:29:50.193"></status>
</kw>
<status status="PASS" starttime="20210106 13:29:49.975" endtime="20210106 13:29:50.193"></status>
</kw>
<kw name="Input Username" library="resource">
<arguments>
<arg>sample@gmail.com</arg>
</arguments>
<kw name="Input Text" library="SeleniumLibrary">
<doc>Types the given ``text`` into the text field identified by ``locator``.</doc>
<arguments>
<arg>id=loginemail_modal</arg>
<arg>${username}</arg>
</arguments>
<msg timestamp="20210106 13:29:50.195" level="INFO">Typing text 'sample@gmail.com' into text field 'id=loginemail_modal'.</msg>
<status status="PASS" starttime="20210106 13:29:50.195" endtime="20210106 13:29:51.027"></status>
</kw>
<status status="PASS" starttime="20210106 13:29:50.194" endtime="20210106 13:29:51.027"></status>
</kw>
<kw name="Input Password" library="resource">
<arguments>
<arg>sample12</arg>
</arguments>
<kw name="Input Text" library="SeleniumLibrary">
<doc>Types the given ``text`` into the text field identified by ``locator``.</doc>
<arguments>
<arg>id=loginpass_modal</arg>
<arg>${password}</arg>
</arguments>
<msg timestamp="20210106 13:29:51.029" level="INFO">Typing text 'sample12' into text field 'id=loginpass_modal'.</msg>
<status status="PASS" starttime="20210106 13:29:51.029" endtime="20210106 13:29:51.769"></status>
</kw>
<status status="PASS" starttime="20210106 13:29:51.028" endtime="20210106 13:29:51.770"></status>
</kw>
<kw name="Click Button" library="SeleniumLibrary">
<doc>Clicks the button identified by ``locator``.</doc>
<arguments>
<arg>id=loginbtn</arg>
</arguments>
<msg timestamp="20210106 13:29:51.771" level="INFO">Clicking button 'id=loginbtn'.</msg>
<status status="PASS" starttime="20210106 13:29:51.771" endtime="20210106 13:29:54.177"></status>
</kw>
<kw name="User Profile Page Should Be Open" library="resource">
<kw name="Wait Until Page Contains Element" library="SeleniumLibrary">
<doc>Waits until the element ``locator`` appears on the current page.</doc>
<arguments>
<arg>id=profileapp-table_wrapper</arg>
</arguments>
<status status="PASS" starttime="20210106 13:29:54.179" endtime="20210106 13:29:54.402"></status>
</kw>
<kw name="Element Text Should Be" library="SeleniumLibrary">
<doc>Verifies that element ``locator`` contains exact the text ``expected``.</doc>
<arguments>
<arg>css=p:nth-child(3)</arg>
<arg>Address: 123 Blk 00, sample's address\nContact Number: 09177112470\nBirthday: 1998-12-17</arg>
</arguments>
<msg timestamp="20210106 13:29:54.403" level="INFO">Verifying element 'css=p:nth-child(3)' contains exact text 'Address: 123 Blk 00, sample's address
Contact Number: 09177112470
Birthday: 1998-12-17'.</msg>
<status status="PASS" starttime="20210106 13:29:54.402" endtime="20210106 13:29:54.843"></status>
</kw>
<kw name="Element Text Should Be" library="SeleniumLibrary">
<doc>Verifies that element ``locator`` contains exact the text ``expected``.</doc>
<arguments>
<arg>css=.nav-item &gt; h6</arg>
<arg>Last, First</arg>
</arguments>
<msg timestamp="20210106 13:29:54.844" level="INFO">Verifying element 'css=.nav-item &gt; h6' contains exact text 'Last, First'.</msg>
<status status="PASS" starttime="20210106 13:29:54.844" endtime="20210106 13:29:55.288"></status>
</kw>
<status status="PASS" starttime="20210106 13:29:54.178" endtime="20210106 13:29:55.288"></status>
</kw>
<status status="PASS" starttime="20210106 13:29:44.235" endtime="20210106 13:29:55.288"></status>
</kw>
<kw name="User Profile Page Should Be Open" library="resource">
<kw name="Wait Until Page Contains Element" library="SeleniumLibrary">
<doc>Waits until the element ``locator`` appears on the current page.</doc>
<arguments>
<arg>id=profileapp-table_wrapper</arg>
</arguments>
<status status="PASS" starttime="20210106 13:29:55.290" endtime="20210106 13:29:55.503"></status>
</kw>
<kw name="Element Text Should Be" library="SeleniumLibrary">
<doc>Verifies that element ``locator`` contains exact the text ``expected``.</doc>
<arguments>
<arg>css=p:nth-child(3)</arg>
<arg>Address: 123 Blk 00, sample's address\nContact Number: 09177112470\nBirthday: 1998-12-17</arg>
</arguments>
<msg timestamp="20210106 13:29:55.505" level="INFO">Verifying element 'css=p:nth-child(3)' contains exact text 'Address: 123 Blk 00, sample's address
Contact Number: 09177112470
Birthday: 1998-12-17'.</msg>
<status status="PASS" starttime="20210106 13:29:55.504" endtime="20210106 13:29:55.936"></status>
</kw>
<kw name="Element Text Should Be" library="SeleniumLibrary">
<doc>Verifies that element ``locator`` contains exact the text ``expected``.</doc>
<arguments>
<arg>css=.nav-item &gt; h6</arg>
<arg>Last, First</arg>
</arguments>
<msg timestamp="20210106 13:29:55.938" level="INFO">Verifying element 'css=.nav-item &gt; h6' contains exact text 'Last, First'.</msg>
<status status="PASS" starttime="20210106 13:29:55.937" endtime="20210106 13:29:56.370"></status>
</kw>
<status status="PASS" starttime="20210106 13:29:55.289" endtime="20210106 13:29:56.371"></status>
</kw>
<kw name="Element Text Should Be" library="SeleniumLibrary">
<doc>Verifies that element ``locator`` contains exact the text ``expected``.</doc>
<arguments>
<arg>css=#profileapp-table td:nth-child(1)</arg>
<arg>Albana, Natalio</arg>
</arguments>
<msg timestamp="20210106 13:29:56.372" level="INFO">Verifying element 'css=#profileapp-table td:nth-child(1)' contains exact text 'Albana, Natalio'.</msg>
<status status="PASS" starttime="20210106 13:29:56.371" endtime="20210106 13:29:56.815"></status>
</kw>
<kw name="Click Element" library="SeleniumLibrary">
<doc>Click the element identified by ``locator``.</doc>
<arguments>
<arg>xpath=//small/div[2]/button</arg>
</arguments>
<msg timestamp="20210106 13:29:56.816" level="INFO">Clicking element 'xpath=//small/div[2]/button'.</msg>
<status status="PASS" starttime="20210106 13:29:56.815" endtime="20210106 13:29:57.297"></status>
</kw>
<kw name="Element Text Should Be" library="SeleniumLibrary">
<doc>Verifies that element ``locator`` contains exact the text ``expected``.</doc>
<arguments>
<arg>css=.cancelDocAppointmentSuccess</arg>
<arg>Are you sure you want to cancel your appointment with Albana, Natalio on January 03, 2022?</arg>
</arguments>
<msg timestamp="20210106 13:29:57.298" level="INFO">Verifying element 'css=.cancelDocAppointmentSuccess' contains exact text 'Are you sure you want to cancel your appointment with Albana, Natalio on January 03, 2022?'.</msg>
<status status="PASS" starttime="20210106 13:29:57.297" endtime="20210106 13:29:57.753"></status>
</kw>
<kw name="Page Should Contain Element" library="SeleniumLibrary">
<doc>Verifies that element ``locator`` is found on the current page.</doc>
<arguments>
<arg>css=.btn-secondary</arg>
</arguments>
<msg timestamp="20210106 13:29:57.977" level="INFO">Current page contains element 'css=.btn-secondary'.</msg>
<status status="PASS" starttime="20210106 13:29:57.754" endtime="20210106 13:29:57.977"></status>
</kw>
<kw name="Click Element" library="SeleniumLibrary">
<doc>Click the element identified by ``locator``.</doc>
<arguments>
<arg>css=.btn-secondary</arg>
</arguments>
<msg timestamp="20210106 13:29:57.978" level="INFO">Clicking element 'css=.btn-secondary'.</msg>
<status status="PASS" starttime="20210106 13:29:57.977" endtime="20210106 13:29:58.443"></status>
</kw>
<kw name="Click Element" library="SeleniumLibrary">
<doc>Click the element identified by ``locator``.</doc>
<arguments>
<arg>xpath=//small/div[2]/button</arg>
</arguments>
<msg timestamp="20210106 13:29:58.444" level="INFO">Clicking element 'xpath=//small/div[2]/button'.</msg>
<status status="PASS" starttime="20210106 13:29:58.443" endtime="20210106 13:29:58.911"></status>
</kw>
<kw name="Wait Until Page Contains Element" library="SeleniumLibrary">
<doc>Waits until the element ``locator`` appears on the current page.</doc>
<arguments>
<arg>css=.cancelDocAppointmentButton</arg>
</arguments>
<status status="PASS" starttime="20210106 13:29:58.912" endtime="20210106 13:29:59.131"></status>
</kw>
<kw name="Click Element" library="SeleniumLibrary">
<doc>Click the element identified by ``locator``.</doc>
<arguments>
<arg>css=.cancelDocAppointmentButton</arg>
</arguments>
<msg timestamp="20210106 13:29:59.132" level="INFO">Clicking element 'css=.cancelDocAppointmentButton'.</msg>
<status status="PASS" starttime="20210106 13:29:59.131" endtime="20210106 13:29:59.962"></status>
</kw>
<kw name="Wait Until Page Contains Element" library="SeleniumLibrary">
<doc>Waits until the element ``locator`` appears on the current page.</doc>
<arguments>
<arg>css=#profileapp-table .dataTables_empty</arg>
</arguments>
<status status="PASS" starttime="20210106 13:29:59.963" endtime="20210106 13:30:00.177"></status>
</kw>
<kw name="Element Text Should Be" library="SeleniumLibrary">
<doc>Verifies that element ``locator`` contains exact the text ``expected``.</doc>
<arguments>
<arg>css=.alert</arg>
<arg>You have successfully cancelled your appointment with Albana, Natalio.\n×</arg>
</arguments>
<msg timestamp="20210106 13:30:00.178" level="INFO">Verifying element 'css=.alert' contains exact text 'You have successfully cancelled your appointment with Albana, Natalio.
×'.</msg>
<status status="PASS" starttime="20210106 13:30:00.177" endtime="20210106 13:30:00.620"></status>
</kw>
<kw name="Click Element" library="SeleniumLibrary">
<doc>Click the element identified by ``locator``.</doc>
<arguments>
<arg>css=.alert &gt; .close &gt; span</arg>
</arguments>
<msg timestamp="20210106 13:30:00.621" level="INFO">Clicking element 'css=.alert &gt; .close &gt; span'.</msg>
<status status="PASS" starttime="20210106 13:30:00.620" endtime="20210106 13:30:01.094"></status>
</kw>
<kw name="Wait Until Page Does Not Contain Element" library="SeleniumLibrary">
<doc>Waits until the element ``locator`` disappears from the current page.</doc>
<arguments>
<arg>css=.alert</arg>
</arguments>
<status status="PASS" starttime="20210106 13:30:01.095" endtime="20210106 13:30:01.310"></status>
</kw>
<kw name="Close All Browsers" library="SeleniumLibrary" type="teardown">
<doc>Closes all open browsers and resets the browser cache.</doc>
<status status="PASS" starttime="20210106 13:30:01.311" endtime="20210106 13:30:01.630"></status>
</kw>
<status status="PASS" starttime="20210106 13:29:44.234" endtime="20210106 13:30:01.631"></status>
</kw>
<status status="PASS" starttime="20210106 13:29:16.282" endtime="20210106 13:30:01.631" critical="yes"></status>
</test>
<doc>A test suite with tests for Doctor Appointment.

This test has a workflow that is created using keywords
directly from SeleniumLibrary</doc>
<status status="PASS" starttime="20210106 13:29:16.073" endtime="20210106 13:30:01.634"></status>
</suite>
<suite id="s1-s2" name="Health Program Directory" source="/Users/victortulabot/Desktop/stsweng-kubernetes/src/tests/health_program_directory.robot">
<test id="s1-s2-t1" name="Without Login Health Program">
<kw name="Open Browser" library="SeleniumLibrary">
<doc>Opens a new browser instance to the optional ``url``.</doc>
<arguments>
<arg>${SERVER}</arg>
<arg>${BROWSER}</arg>
</arguments>
<msg timestamp="20210106 13:30:01.645" level="INFO">Opening browser 'Chrome' to base url 'localhost:3001'.</msg>
<status status="PASS" starttime="20210106 13:30:01.644" endtime="20210106 13:30:06.321"></status>
</kw>
<kw name="Click Link" library="SeleniumLibrary">
<doc>Clicks a link identified by ``locator``.</doc>
<arguments>
<arg>link=Health Programs</arg>
</arguments>
<msg timestamp="20210106 13:30:06.323" level="INFO">Clicking link 'link=Health Programs'.</msg>
<status status="PASS" starttime="20210106 13:30:06.322" endtime="20210106 13:30:07.437"></status>
</kw>
<kw name="Page Should Contain Element" library="SeleniumLibrary">
<doc>Verifies that element ``locator`` is found on the current page.</doc>
<arguments>
<arg>css=#hp-table_filter &gt; label</arg>
</arguments>
<msg timestamp="20210106 13:30:07.661" level="INFO">Current page contains element 'css=#hp-table_filter &gt; label'.</msg>
<status status="PASS" starttime="20210106 13:30:07.439" endtime="20210106 13:30:07.662"></status>
</kw>
<kw name="Click Element" library="SeleniumLibrary">
<doc>Click the element identified by ``locator``.</doc>
<arguments>
<arg>css=.sorting:nth-child(1)</arg>
</arguments>
<msg timestamp="20210106 13:30:07.663" level="INFO">Clicking element 'css=.sorting:nth-child(1)'.</msg>
<status status="PASS" starttime="20210106 13:30:07.662" endtime="20210106 13:30:08.149"></status>
</kw>
<kw name="Element Text Should Be" library="SeleniumLibrary">
<doc>Verifies that element ``locator`` contains exact the text ``expected``.</doc>
<arguments>
<arg>css=.odd:nth-child(1) &gt; .sorting_1 &gt; small</arg>
<arg>AAA Latest Test Program</arg>
</arguments>
<msg timestamp="20210106 13:30:08.150" level="INFO">Verifying element 'css=.odd:nth-child(1) &gt; .sorting_1 &gt; small' contains exact text 'AAA Latest Test Program'.</msg>
<status status="PASS" starttime="20210106 13:30:08.149" endtime="20210106 13:30:08.604"></status>
</kw>
<kw name="Click Element" library="SeleniumLibrary">
<doc>Click the element identified by ``locator``.</doc>
<arguments>
<arg>css=.sorting_asc</arg>
</arguments>
<msg timestamp="20210106 13:30:08.606" level="INFO">Clicking element 'css=.sorting_asc'.</msg>
<status status="PASS" starttime="20210106 13:30:08.605" endtime="20210106 13:30:09.079"></status>
</kw>
<kw name="Element Text Should Be" library="SeleniumLibrary">
<doc>Verifies that element ``locator`` contains exact the text ``expected``.</doc>
<arguments>
<arg>css=.odd:nth-child(1) &gt; .sorting_1 &gt; small</arg>
<arg>ZZZ Oldest Test Program</arg>
</arguments>
<msg timestamp="20210106 13:30:09.080" level="INFO">Verifying element 'css=.odd:nth-child(1) &gt; .sorting_1 &gt; small' contains exact text 'ZZZ Oldest Test Program'.</msg>
<status status="PASS" starttime="20210106 13:30:09.079" endtime="20210106 13:30:09.517"></status>
</kw>
<kw name="Click Element" library="SeleniumLibrary">
<doc>Click the element identified by ``locator``.</doc>
<arguments>
<arg>css=.sorting:nth-child(3)</arg>
</arguments>
<msg timestamp="20210106 13:30:09.518" level="INFO">Clicking element 'css=.sorting:nth-child(3)'.</msg>
<status status="PASS" starttime="20210106 13:30:09.517" endtime="20210106 13:30:09.995"></status>
</kw>
<kw name="Element Text Should Be" library="SeleniumLibrary">
<doc>Verifies that element ``locator`` contains exact the text ``expected``.</doc>
<arguments>
<arg>css=.odd:nth-child(1) &gt; td:nth-child(1) &gt; small</arg>
<arg>ZZZ Oldest Test Program</arg>
</arguments>
<msg timestamp="20210106 13:30:09.997" level="INFO">Verifying element 'css=.odd:nth-child(1) &gt; td:nth-child(1) &gt; small' contains exact text 'ZZZ Oldest Test Program'.</msg>
<status status="PASS" starttime="20210106 13:30:09.996" endtime="20210106 13:30:10.432"></status>
</kw>
<kw name="Click Element" library="SeleniumLibrary">
<doc>Click the element identified by ``locator``.</doc>
<arguments>
<arg>css=.sorting_asc</arg>
</arguments>
<msg timestamp="20210106 13:30:10.434" level="INFO">Clicking element 'css=.sorting_asc'.</msg>
<status status="PASS" starttime="20210106 13:30:10.433" endtime="20210106 13:30:10.894"></status>
</kw>
<kw name="Element Text Should Be" library="SeleniumLibrary">
<doc>Verifies that element ``locator`` contains exact the text ``expected``.</doc>
<arguments>
<arg>css=.odd:nth-child(1) &gt; td:nth-child(1) &gt; small</arg>
<arg>AAA Latest Test Program</arg>
</arguments>
<msg timestamp="20210106 13:30:10.896" level="INFO">Verifying element 'css=.odd:nth-child(1) &gt; td:nth-child(1) &gt; small' contains exact text 'AAA Latest Test Program'.</msg>
<status status="PASS" starttime="20210106 13:30:10.895" endtime="20210106 13:30:11.337"></status>
</kw>
<kw name="Click Element" library="SeleniumLibrary">
<doc>Click the element identified by ``locator``.</doc>
<arguments>
<arg>css=.sorting:nth-child(4)</arg>
</arguments>
<msg timestamp="20210106 13:30:11.339" level="INFO">Clicking element 'css=.sorting:nth-child(4)'.</msg>
<status status="PASS" starttime="20210106 13:30:11.338" endtime="20210106 13:30:11.820"></status>
</kw>
<kw name="Element Text Should Be" library="SeleniumLibrary">
<doc>Verifies that element ``locator`` contains exact the text ``expected``.</doc>
<arguments>
<arg>css=.odd:nth-child(1) &gt; td:nth-child(1) &gt; small</arg>
<arg>ZZZ Oldest Test Program</arg>
</arguments>
<msg timestamp="20210106 13:30:11.822" level="INFO">Verifying element 'css=.odd:nth-child(1) &gt; td:nth-child(1) &gt; small' contains exact text 'ZZZ Oldest Test Program'.</msg>
<status status="PASS" starttime="20210106 13:30:11.822" endtime="20210106 13:30:12.262"></status>
</kw>
<kw name="Click Element" library="SeleniumLibrary">
<doc>Click the element identified by ``locator``.</doc>
<arguments>
<arg>css=.sorting_asc</arg>
</arguments>
<msg timestamp="20210106 13:30:12.263" level="INFO">Clicking element 'css=.sorting_asc'.</msg>
<status status="PASS" starttime="20210106 13:30:12.263" endtime="20210106 13:30:12.729"></status>
</kw>
<kw name="Element Text Should Be" library="SeleniumLibrary">
<doc>Verifies that element ``locator`` contains exact the text ``expected``.</doc>
<arguments>
<arg>css=.odd:nth-child(1) &gt; td:nth-child(1) &gt; small</arg>
<arg>AAA Latest Test Program</arg>
</arguments>
<msg timestamp="20210106 13:30:12.730" level="INFO">Verifying element 'css=.odd:nth-child(1) &gt; td:nth-child(1) &gt; small' contains exact text 'AAA Latest Test Program'.</msg>
<status status="PASS" starttime="20210106 13:30:12.729" endtime="20210106 13:30:13.171"></status>
</kw>
<kw name="Click Element" library="SeleniumLibrary">
<doc>Click the element identified by ``locator``.</doc>
<arguments>
<arg>css=.sorting:nth-child(5)</arg>
</arguments>
<msg timestamp="20210106 13:30:13.173" level="INFO">Clicking element 'css=.sorting:nth-child(5)'.</msg>
<status status="PASS" starttime="20210106 13:30:13.172" endtime="20210106 13:30:13.654"></status>
</kw>
<kw name="Element Text Should Be" library="SeleniumLibrary">
<doc>Verifies that element ``locator`` contains exact the text ``expected``.</doc>
<arguments>
<arg>css=.odd:nth-child(1) &gt; td:nth-child(1) &gt; small</arg>
<arg>AAA Latest Test Program</arg>
</arguments>
<msg timestamp="20210106 13:30:13.656" level="INFO">Verifying element 'css=.odd:nth-child(1) &gt; td:nth-child(1) &gt; small' contains exact text 'AAA Latest Test Program'.</msg>
<status status="PASS" starttime="20210106 13:30:13.656" endtime="20210106 13:30:14.089"></status>
</kw>
<kw name="Click Element" library="SeleniumLibrary">
<doc>Click the element identified by ``locator``.</doc>
<arguments>
<arg>css=.sorting_asc</arg>
</arguments>
<msg timestamp="20210106 13:30:14.091" level="INFO">Clicking element 'css=.sorting_asc'.</msg>
<status status="PASS" starttime="20210106 13:30:14.090" endtime="20210106 13:30:14.553"></status>
</kw>
<kw name="Element Text Should Be" library="SeleniumLibrary">
<doc>Verifies that element ``locator`` contains exact the text ``expected``.</doc>
<arguments>
<arg>css=.odd:nth-child(1) &gt; td:nth-child(1) &gt; small</arg>
<arg>ZZZ Oldest Test Program</arg>
</arguments>
<msg timestamp="20210106 13:30:14.555" level="INFO">Verifying element 'css=.odd:nth-child(1) &gt; td:nth-child(1) &gt; small' contains exact text 'ZZZ Oldest Test Program'.</msg>
<status status="PASS" starttime="20210106 13:30:14.555" endtime="20210106 13:30:14.995"></status>
</kw>
<kw name="Click Element" library="SeleniumLibrary">
<doc>Click the element identified by ``locator``.</doc>
<arguments>
<arg>css=.sorting:nth-child(6)</arg>
</arguments>
<msg timestamp="20210106 13:30:14.996" level="INFO">Clicking element 'css=.sorting:nth-child(6)'.</msg>
<status status="PASS" starttime="20210106 13:30:14.996" endtime="20210106 13:30:15.479"></status>
</kw>
<kw name="Element Text Should Be" library="SeleniumLibrary">
<doc>Verifies that element ``locator`` contains exact the text ``expected``.</doc>
<arguments>
<arg>css=.odd:nth-child(1) &gt; td:nth-child(1) &gt; small</arg>
<arg>ZZZ Oldest Test Program</arg>
</arguments>
<msg timestamp="20210106 13:30:15.480" level="INFO">Verifying element 'css=.odd:nth-child(1) &gt; td:nth-child(1) &gt; small' contains exact text 'ZZZ Oldest Test Program'.</msg>
<status status="PASS" starttime="20210106 13:30:15.479" endtime="20210106 13:30:15.913"></status>
</kw>
<kw name="Click Element" library="SeleniumLibrary">
<doc>Click the element identified by ``locator``.</doc>
<arguments>
<arg>css=.sorting_asc</arg>
</arguments>
<msg timestamp="20210106 13:30:15.914" level="INFO">Clicking element 'css=.sorting_asc'.</msg>
<status status="PASS" starttime="20210106 13:30:15.913" endtime="20210106 13:30:16.379"></status>
</kw>
<kw name="Element Text Should Be" library="SeleniumLibrary">
<doc>Verifies that element ``locator`` contains exact the text ``expected``.</doc>
<arguments>
<arg>css=.odd:nth-child(1) &gt; td:nth-child(1) &gt; small</arg>
<arg>Adolescent health and development program</arg>
</arguments>
<msg timestamp="20210106 13:30:16.380" level="INFO">Verifying element 'css=.odd:nth-child(1) &gt; td:nth-child(1) &gt; small' contains exact text 'Adolescent health and development program'.</msg>
<status status="PASS" starttime="20210106 13:30:16.379" endtime="20210106 13:30:16.821"></status>
</kw>
<kw name="Click Element" library="SeleniumLibrary">
<doc>Click the element identified by ``locator``.</doc>
<arguments>
<arg>css=.odd:nth-child(1) .btn</arg>
</arguments>
<msg timestamp="20210106 13:30:16.823" level="INFO">Clicking element 'css=.odd:nth-child(1) .btn'.</msg>
<status status="PASS" starttime="20210106 13:30:16.822" endtime="20210106 13:30:17.313"></status>
</kw>
<kw name="Login Page Should Be Open" library="resource">
<kw name="Wait Until Page Contains Element" library="SeleniumLibrary">
<doc>Waits until the element ``locator`` appears on the current page.</doc>
<arguments>
<arg>id=loginbtn</arg>
</arguments>
<status status="PASS" starttime="20210106 13:30:17.318" endtime="20210106 13:30:17.537"></status>
</kw>
<status status="PASS" starttime="20210106 13:30:17.314" endtime="20210106 13:30:17.538"></status>
</kw>
<kw name="Click Element" library="SeleniumLibrary">
<doc>Click the element identified by ``locator``.</doc>
<arguments>
<arg>css=#loginModal span</arg>
</arguments>
<msg timestamp="20210106 13:30:17.539" level="INFO">Clicking element 'css=#loginModal span'.</msg>
<status status="PASS" starttime="20210106 13:30:17.539" endtime="20210106 13:30:18.013"></status>
</kw>
<kw name="Click Element" library="SeleniumLibrary">
<doc>Click the element identified by ``locator``.</doc>
<arguments>
<arg>css=input:nth-child(1)</arg>
</arguments>
<msg timestamp="20210106 13:30:18.015" level="INFO">Clicking element 'css=input:nth-child(1)'.</msg>
<status status="PASS" starttime="20210106 13:30:18.014" endtime="20210106 13:30:18.495"></status>
</kw>
<kw name="Input Text" library="SeleniumLibrary">
<doc>Types the given ``text`` into the text field identified by ``locator``.</doc>
<arguments>
<arg>css=input:nth-child(1)</arg>
<arg>test</arg>
</arguments>
<msg timestamp="20210106 13:30:18.496" level="INFO">Typing text 'test' into text field 'css=input:nth-child(1)'.</msg>
<status status="PASS" starttime="20210106 13:30:18.496" endtime="20210106 13:30:19.287"></status>
</kw>
<kw name="Page Should Contain Element" library="SeleniumLibrary">
<doc>Verifies that element ``locator`` is found on the current page.</doc>
<arguments>
<arg>css=.odd:nth-child(1) &gt; td:nth-child(1) &gt; small</arg>
</arguments>
<msg timestamp="20210106 13:30:19.504" level="INFO">Current page contains element 'css=.odd:nth-child(1) &gt; td:nth-child(1) &gt; small'.</msg>
<status status="PASS" starttime="20210106 13:30:19.288" endtime="20210106 13:30:19.505"></status>
</kw>
<kw name="Element Text Should Be" library="SeleniumLibrary">
<doc>Verifies that element ``locator`` contains exact the text ``expected``.</doc>
<arguments>
<arg>css=.odd:nth-child(1) &gt; td:nth-child(1) &gt; small</arg>
<arg>ZZZ Oldest Test Program</arg>
</arguments>
<msg timestamp="20210106 13:30:19.506" level="INFO">Verifying element 'css=.odd:nth-child(1) &gt; td:nth-child(1) &gt; small' contains exact text 'ZZZ Oldest Test Program'.</msg>
<status status="PASS" starttime="20210106 13:30:19.506" endtime="20210106 13:30:19.945"></status>
</kw>
<kw name="Click Link" library="SeleniumLibrary">
<doc>Clicks a link identified by ``locator``.</doc>
<arguments>
<arg>link=Health Programs</arg>
</arguments>
<msg timestamp="20210106 13:30:19.946" level="INFO">Clicking link 'link=Health Programs'.</msg>
<status status="PASS" starttime="20210106 13:30:19.946" endtime="20210106 13:30:20.996"></status>
</kw>
<kw name="Click Element" library="SeleniumLibrary">
<doc>Click the element identified by ``locator``.</doc>
<arguments>
<arg>css=.sorting:nth-child(1)</arg>
</arguments>
<msg timestamp="20210106 13:30:20.999" level="INFO">Clicking element 'css=.sorting:nth-child(1)'.</msg>
<status status="PASS" starttime="20210106 13:30:20.998" endtime="20210106 13:30:21.489"></status>
</kw>
<kw name="Element Text Should Be" library="SeleniumLibrary">
<doc>Verifies that element ``locator`` contains exact the text ``expected``.</doc>
<arguments>
<arg>css=.odd:nth-child(1) &gt; td:nth-child(1) &gt; small</arg>
<arg>AAA Latest Test Program</arg>
</arguments>
<msg timestamp="20210106 13:30:21.490" level="INFO">Verifying element 'css=.odd:nth-child(1) &gt; td:nth-child(1) &gt; small' contains exact text 'AAA Latest Test Program'.</msg>
<status status="PASS" starttime="20210106 13:30:21.490" endtime="20210106 13:30:21.929"></status>
</kw>
<kw name="Click Element" library="SeleniumLibrary">
<doc>Click the element identified by ``locator``.</doc>
<arguments>
<arg>id=hp-table_next</arg>
</arguments>
<msg timestamp="20210106 13:30:21.930" level="INFO">Clicking element 'id=hp-table_next'.</msg>
<status status="PASS" starttime="20210106 13:30:21.930" endtime="20210106 13:30:22.418"></status>
</kw>
<kw name="Element Text Should Be" library="SeleniumLibrary">
<doc>Verifies that element ``locator`` contains exact the text ``expected``.</doc>
<arguments>
<arg>css=.even:nth-child(8) &gt; .sorting_1 &gt; small</arg>
<arg>ZZZ Oldest Test Program</arg>
</arguments>
<msg timestamp="20210106 13:30:22.419" level="INFO">Verifying element 'css=.even:nth-child(8) &gt; .sorting_1 &gt; small' contains exact text 'ZZZ Oldest Test Program'.</msg>
<status status="PASS" starttime="20210106 13:30:22.419" endtime="20210106 13:30:22.862"></status>
</kw>
<kw name="Click Element" library="SeleniumLibrary">
<doc>Click the element identified by ``locator``.</doc>
<arguments>
<arg>id=hp-table_previous</arg>
</arguments>
<msg timestamp="20210106 13:30:22.863" level="INFO">Clicking element 'id=hp-table_previous'.</msg>
<status status="PASS" starttime="20210106 13:30:22.863" endtime="20210106 13:30:23.341"></status>
</kw>
<kw name="Element Text Should Be" library="SeleniumLibrary">
<doc>Verifies that element ``locator`` contains exact the text ``expected``.</doc>
<arguments>
<arg>css=.odd:nth-child(1) &gt; td:nth-child(1) &gt; small</arg>
<arg>AAA Latest Test Program</arg>
</arguments>
<msg timestamp="20210106 13:30:23.342" level="INFO">Verifying element 'css=.odd:nth-child(1) &gt; td:nth-child(1) &gt; small' contains exact text 'AAA Latest Test Program'.</msg>
<status status="PASS" starttime="20210106 13:30:23.341" endtime="20210106 13:30:23.779"></status>
</kw>
<kw name="Close Browser" library="SeleniumLibrary" type="teardown">
<doc>Closes the current browser.</doc>
<status status="PASS" starttime="20210106 13:30:23.780" endtime="20210106 13:30:24.099"></status>
</kw>
<status status="PASS" starttime="20210106 13:30:01.643" endtime="20210106 13:30:24.100" critical="yes"></status>
</test>
<test id="s1-s2-t2" name="With Login Health Program">
<kw name="Successful Login" library="resource">
<kw name="Open Browser To Login Page" library="resource">
<kw name="Open Browser" library="SeleniumLibrary">
<doc>Opens a new browser instance to the optional ``url``.</doc>
<arguments>
<arg>${SERVER}</arg>
<arg>${BROWSER}</arg>
</arguments>
<msg timestamp="20210106 13:30:24.106" level="INFO">Opening browser 'Chrome' to base url 'localhost:3001'.</msg>
<status status="PASS" starttime="20210106 13:30:24.105" endtime="20210106 13:30:29.039"></status>
</kw>
<kw name="Click Link" library="SeleniumLibrary">
<doc>Clicks a link identified by ``locator``.</doc>
<arguments>
<arg>link=Login</arg>
</arguments>
<msg timestamp="20210106 13:30:29.041" level="INFO">Clicking link 'link=Login'.</msg>
<status status="PASS" starttime="20210106 13:30:29.040" endtime="20210106 13:30:29.733"></status>
</kw>
<kw name="Login Page Should Be Open" library="resource">
<kw name="Wait Until Page Contains Element" library="SeleniumLibrary">
<doc>Waits until the element ``locator`` appears on the current page.</doc>
<arguments>
<arg>id=loginbtn</arg>
</arguments>
<status status="PASS" starttime="20210106 13:30:29.734" endtime="20210106 13:30:29.948"></status>
</kw>
<status status="PASS" starttime="20210106 13:30:29.734" endtime="20210106 13:30:29.950"></status>
</kw>
<kw name="Set Selenium Speed" library="SeleniumLibrary">
<doc>Sets the delay that is waited after each Selenium command.</doc>
<arguments>
<arg>${DELAY}</arg>
</arguments>
<status status="PASS" starttime="20210106 13:30:29.950" endtime="20210106 13:30:29.951"></status>
</kw>
<status status="PASS" starttime="20210106 13:30:24.105" endtime="20210106 13:30:29.952"></status>
</kw>
<kw name="Login Page Should Be Open" library="resource">
<kw name="Wait Until Page Contains Element" library="SeleniumLibrary">
<doc>Waits until the element ``locator`` appears on the current page.</doc>
<arguments>
<arg>id=loginbtn</arg>
</arguments>
<status status="PASS" starttime="20210106 13:30:29.953" endtime="20210106 13:30:30.168"></status>
</kw>
<status status="PASS" starttime="20210106 13:30:29.952" endtime="20210106 13:30:30.168"></status>
</kw>
<kw name="Input Username" library="resource">
<arguments>
<arg>sample@gmail.com</arg>
</arguments>
<kw name="Input Text" library="SeleniumLibrary">
<doc>Types the given ``text`` into the text field identified by ``locator``.</doc>
<arguments>
<arg>id=loginemail_modal</arg>
<arg>${username}</arg>
</arguments>
<msg timestamp="20210106 13:30:30.170" level="INFO">Typing text 'sample@gmail.com' into text field 'id=loginemail_modal'.</msg>
<status status="PASS" starttime="20210106 13:30:30.169" endtime="20210106 13:30:30.997"></status>
</kw>
<status status="PASS" starttime="20210106 13:30:30.168" endtime="20210106 13:30:30.997"></status>
</kw>
<kw name="Input Password" library="resource">
<arguments>
<arg>sample12</arg>
</arguments>
<kw name="Input Text" library="SeleniumLibrary">
<doc>Types the given ``text`` into the text field identified by ``locator``.</doc>
<arguments>
<arg>id=loginpass_modal</arg>
<arg>${password}</arg>
</arguments>
<msg timestamp="20210106 13:30:30.999" level="INFO">Typing text 'sample12' into text field 'id=loginpass_modal'.</msg>
<status status="PASS" starttime="20210106 13:30:30.998" endtime="20210106 13:30:31.728"></status>
</kw>
<status status="PASS" starttime="20210106 13:30:30.997" endtime="20210106 13:30:31.729"></status>
</kw>
<kw name="Click Button" library="SeleniumLibrary">
<doc>Clicks the button identified by ``locator``.</doc>
<arguments>
<arg>id=loginbtn</arg>
</arguments>
<msg timestamp="20210106 13:30:31.730" level="INFO">Clicking button 'id=loginbtn'.</msg>
<status status="PASS" starttime="20210106 13:30:31.729" endtime="20210106 13:30:33.995"></status>
</kw>
<kw name="User Profile Page Should Be Open" library="resource">
<kw name="Wait Until Page Contains Element" library="SeleniumLibrary">
<doc>Waits until the element ``locator`` appears on the current page.</doc>
<arguments>
<arg>id=profileapp-table_wrapper</arg>
</arguments>
<status status="PASS" starttime="20210106 13:30:33.998" endtime="20210106 13:30:34.222"></status>
</kw>
<kw name="Element Text Should Be" library="SeleniumLibrary">
<doc>Verifies that element ``locator`` contains exact the text ``expected``.</doc>
<arguments>
<arg>css=p:nth-child(3)</arg>
<arg>Address: 123 Blk 00, sample's address\nContact Number: 09177112470\nBirthday: 1998-12-17</arg>
</arguments>
<msg timestamp="20210106 13:30:34.224" level="INFO">Verifying element 'css=p:nth-child(3)' contains exact text 'Address: 123 Blk 00, sample's address
Contact Number: 09177112470
Birthday: 1998-12-17'.</msg>
<status status="PASS" starttime="20210106 13:30:34.223" endtime="20210106 13:30:34.672"></status>
</kw>
<kw name="Element Text Should Be" library="SeleniumLibrary">
<doc>Verifies that element ``locator`` contains exact the text ``expected``.</doc>
<arguments>
<arg>css=.nav-item &gt; h6</arg>
<arg>Last, First</arg>
</arguments>
<msg timestamp="20210106 13:30:34.674" level="INFO">Verifying element 'css=.nav-item &gt; h6' contains exact text 'Last, First'.</msg>
<status status="PASS" starttime="20210106 13:30:34.673" endtime="20210106 13:30:35.122"></status>
</kw>
<status status="PASS" starttime="20210106 13:30:33.996" endtime="20210106 13:30:35.123"></status>
</kw>
<status status="PASS" starttime="20210106 13:30:24.104" endtime="20210106 13:30:35.123"></status>
</kw>
<kw name="User Profile Page Should Be Open" library="resource">
<kw name="Wait Until Page Contains Element" library="SeleniumLibrary">
<doc>Waits until the element ``locator`` appears on the current page.</doc>
<arguments>
<arg>id=profileapp-table_wrapper</arg>
</arguments>
<status status="PASS" starttime="20210106 13:30:35.125" endtime="20210106 13:30:35.340"></status>
</kw>
<kw name="Element Text Should Be" library="SeleniumLibrary">
<doc>Verifies that element ``locator`` contains exact the text ``expected``.</doc>
<arguments>
<arg>css=p:nth-child(3)</arg>
<arg>Address: 123 Blk 00, sample's address\nContact Number: 09177112470\nBirthday: 1998-12-17</arg>
</arguments>
<msg timestamp="20210106 13:30:35.341" level="INFO">Verifying element 'css=p:nth-child(3)' contains exact text 'Address: 123 Blk 00, sample's address
Contact Number: 09177112470
Birthday: 1998-12-17'.</msg>
<status status="PASS" starttime="20210106 13:30:35.341" endtime="20210106 13:30:35.772"></status>
</kw>
<kw name="Element Text Should Be" library="SeleniumLibrary">
<doc>Verifies that element ``locator`` contains exact the text ``expected``.</doc>
<arguments>
<arg>css=.nav-item &gt; h6</arg>
<arg>Last, First</arg>
</arguments>
<msg timestamp="20210106 13:30:35.774" level="INFO">Verifying element 'css=.nav-item &gt; h6' contains exact text 'Last, First'.</msg>
<status status="PASS" starttime="20210106 13:30:35.772" endtime="20210106 13:30:36.205"></status>
</kw>
<status status="PASS" starttime="20210106 13:30:35.124" endtime="20210106 13:30:36.206"></status>
</kw>
<kw name="Click Link" library="SeleniumLibrary">
<doc>Clicks a link identified by ``locator``.</doc>
<arguments>
<arg>link=Health Programs</arg>
</arguments>
<msg timestamp="20210106 13:30:36.207" level="INFO">Clicking link 'link=Health Programs'.</msg>
<status status="PASS" starttime="20210106 13:30:36.207" endtime="20210106 13:30:37.341"></status>
</kw>
<kw name="Page Should Contain Element" library="SeleniumLibrary">
<doc>Verifies that element ``locator`` is found on the current page.</doc>
<arguments>
<arg>css=#hp-table_filter &gt; label</arg>
</arguments>
<msg timestamp="20210106 13:30:37.557" level="INFO">Current page contains element 'css=#hp-table_filter &gt; label'.</msg>
<status status="PASS" starttime="20210106 13:30:37.342" endtime="20210106 13:30:37.557"></status>
</kw>
<kw name="Click Element" library="SeleniumLibrary">
<doc>Click the element identified by ``locator``.</doc>
<arguments>
<arg>css=.sorting:nth-child(1)</arg>
</arguments>
<msg timestamp="20210106 13:30:37.558" level="INFO">Clicking element 'css=.sorting:nth-child(1)'.</msg>
<status status="PASS" starttime="20210106 13:30:37.558" endtime="20210106 13:30:38.046"></status>
</kw>
<kw name="Element Text Should Be" library="SeleniumLibrary">
<doc>Verifies that element ``locator`` contains exact the text ``expected``.</doc>
<arguments>
<arg>css=.odd:nth-child(1) &gt; .sorting_1 &gt; small</arg>
<arg>AAA Latest Test Program</arg>
</arguments>
<msg timestamp="20210106 13:30:38.047" level="INFO">Verifying element 'css=.odd:nth-child(1) &gt; .sorting_1 &gt; small' contains exact text 'AAA Latest Test Program'.</msg>
<status status="PASS" starttime="20210106 13:30:38.046" endtime="20210106 13:30:38.489"></status>
</kw>
<kw name="Click Element" library="SeleniumLibrary">
<doc>Click the element identified by ``locator``.</doc>
<arguments>
<arg>css=.sorting_asc</arg>
</arguments>
<msg timestamp="20210106 13:30:38.491" level="INFO">Clicking element 'css=.sorting_asc'.</msg>
<status status="PASS" starttime="20210106 13:30:38.491" endtime="20210106 13:30:38.973"></status>
</kw>
<kw name="Element Text Should Be" library="SeleniumLibrary">
<doc>Verifies that element ``locator`` contains exact the text ``expected``.</doc>
<arguments>
<arg>css=.odd:nth-child(1) &gt; .sorting_1 &gt; small</arg>
<arg>ZZZ Oldest Test Program</arg>
</arguments>
<msg timestamp="20210106 13:30:38.975" level="INFO">Verifying element 'css=.odd:nth-child(1) &gt; .sorting_1 &gt; small' contains exact text 'ZZZ Oldest Test Program'.</msg>
<status status="PASS" starttime="20210106 13:30:38.974" endtime="20210106 13:30:39.417"></status>
</kw>
<kw name="Click Element" library="SeleniumLibrary">
<doc>Click the element identified by ``locator``.</doc>
<arguments>
<arg>css=.sorting:nth-child(3)</arg>
</arguments>
<msg timestamp="20210106 13:30:39.418" level="INFO">Clicking element 'css=.sorting:nth-child(3)'.</msg>
<status status="PASS" starttime="20210106 13:30:39.417" endtime="20210106 13:30:39.899"></status>
</kw>
<kw name="Element Text Should Be" library="SeleniumLibrary">
<doc>Verifies that element ``locator`` contains exact the text ``expected``.</doc>
<arguments>
<arg>css=.odd:nth-child(1) &gt; td:nth-child(1) &gt; small</arg>
<arg>ZZZ Oldest Test Program</arg>
</arguments>
<msg timestamp="20210106 13:30:39.902" level="INFO">Verifying element 'css=.odd:nth-child(1) &gt; td:nth-child(1) &gt; small' contains exact text 'ZZZ Oldest Test Program'.</msg>
<status status="PASS" starttime="20210106 13:30:39.901" endtime="20210106 13:30:40.339"></status>
</kw>
<kw name="Click Element" library="SeleniumLibrary">
<doc>Click the element identified by ``locator``.</doc>
<arguments>
<arg>css=.sorting_asc</arg>
</arguments>
<msg timestamp="20210106 13:30:40.341" level="INFO">Clicking element 'css=.sorting_asc'.</msg>
<status status="PASS" starttime="20210106 13:30:40.341" endtime="20210106 13:30:40.802"></status>
</kw>
<kw name="Element Text Should Be" library="SeleniumLibrary">
<doc>Verifies that element ``locator`` contains exact the text ``expected``.</doc>
<arguments>
<arg>css=.odd:nth-child(1) &gt; td:nth-child(1) &gt; small</arg>
<arg>AAA Latest Test Program</arg>
</arguments>
<msg timestamp="20210106 13:30:40.804" level="INFO">Verifying element 'css=.odd:nth-child(1) &gt; td:nth-child(1) &gt; small' contains exact text 'AAA Latest Test Program'.</msg>
<status status="PASS" starttime="20210106 13:30:40.803" endtime="20210106 13:30:41.245"></status>
</kw>
<kw name="Click Element" library="SeleniumLibrary">
<doc>Click the element identified by ``locator``.</doc>
<arguments>
<arg>css=.sorting:nth-child(4)</arg>
</arguments>
<msg timestamp="20210106 13:30:41.246" level="INFO">Clicking element 'css=.sorting:nth-child(4)'.</msg>
<status status="PASS" starttime="20210106 13:30:41.246" endtime="20210106 13:30:41.720"></status>
</kw>
<kw name="Element Text Should Be" library="SeleniumLibrary">
<doc>Verifies that element ``locator`` contains exact the text ``expected``.</doc>
<arguments>
<arg>css=.odd:nth-child(1) &gt; td:nth-child(1) &gt; small</arg>
<arg>ZZZ Oldest Test Program</arg>
</arguments>
<msg timestamp="20210106 13:30:41.721" level="INFO">Verifying element 'css=.odd:nth-child(1) &gt; td:nth-child(1) &gt; small' contains exact text 'ZZZ Oldest Test Program'.</msg>
<status status="PASS" starttime="20210106 13:30:41.720" endtime="20210106 13:30:42.158"></status>
</kw>
<kw name="Click Element" library="SeleniumLibrary">
<doc>Click the element identified by ``locator``.</doc>
<arguments>
<arg>css=.sorting_asc</arg>
</arguments>
<msg timestamp="20210106 13:30:42.159" level="INFO">Clicking element 'css=.sorting_asc'.</msg>
<status status="PASS" starttime="20210106 13:30:42.158" endtime="20210106 13:30:42.623"></status>
</kw>
<kw name="Element Text Should Be" library="SeleniumLibrary">
<doc>Verifies that element ``locator`` contains exact the text ``expected``.</doc>
<arguments>
<arg>css=.odd:nth-child(1) &gt; td:nth-child(1) &gt; small</arg>
<arg>AAA Latest Test Program</arg>
</arguments>
<msg timestamp="20210106 13:30:42.625" level="INFO">Verifying element 'css=.odd:nth-child(1) &gt; td:nth-child(1) &gt; small' contains exact text 'AAA Latest Test Program'.</msg>
<status status="PASS" starttime="20210106 13:30:42.624" endtime="20210106 13:30:43.063"></status>
</kw>
<kw name="Click Element" library="SeleniumLibrary">
<doc>Click the element identified by ``locator``.</doc>
<arguments>
<arg>css=.sorting:nth-child(5)</arg>
</arguments>
<msg timestamp="20210106 13:30:43.064" level="INFO">Clicking element 'css=.sorting:nth-child(5)'.</msg>
<status status="PASS" starttime="20210106 13:30:43.064" endtime="20210106 13:30:43.547"></status>
</kw>
<kw name="Element Text Should Be" library="SeleniumLibrary">
<doc>Verifies that element ``locator`` contains exact the text ``expected``.</doc>
<arguments>
<arg>css=.odd:nth-child(1) &gt; td:nth-child(1) &gt; small</arg>
<arg>AAA Latest Test Program</arg>
</arguments>
<msg timestamp="20210106 13:30:43.549" level="INFO">Verifying element 'css=.odd:nth-child(1) &gt; td:nth-child(1) &gt; small' contains exact text 'AAA Latest Test Program'.</msg>
<status status="PASS" starttime="20210106 13:30:43.548" endtime="20210106 13:30:43.981"></status>
</kw>
<kw name="Click Element" library="SeleniumLibrary">
<doc>Click the element identified by ``locator``.</doc>
<arguments>
<arg>css=.sorting_asc</arg>
</arguments>
<msg timestamp="20210106 13:30:43.982" level="INFO">Clicking element 'css=.sorting_asc'.</msg>
<status status="PASS" starttime="20210106 13:30:43.981" endtime="20210106 13:30:44.444"></status>
</kw>
<kw name="Element Text Should Be" library="SeleniumLibrary">
<doc>Verifies that element ``locator`` contains exact the text ``expected``.</doc>
<arguments>
<arg>css=.odd:nth-child(1) &gt; td:nth-child(1) &gt; small</arg>
<arg>ZZZ Oldest Test Program</arg>
</arguments>
<msg timestamp="20210106 13:30:44.445" level="INFO">Verifying element 'css=.odd:nth-child(1) &gt; td:nth-child(1) &gt; small' contains exact text 'ZZZ Oldest Test Program'.</msg>
<status status="PASS" starttime="20210106 13:30:44.444" endtime="20210106 13:30:44.882"></status>
</kw>
<kw name="Click Element" library="SeleniumLibrary">
<doc>Click the element identified by ``locator``.</doc>
<arguments>
<arg>css=.sorting:nth-child(6)</arg>
</arguments>
<msg timestamp="20210106 13:30:44.883" level="INFO">Clicking element 'css=.sorting:nth-child(6)'.</msg>
<status status="PASS" starttime="20210106 13:30:44.883" endtime="20210106 13:30:45.381"></status>
</kw>
<kw name="Element Text Should Be" library="SeleniumLibrary">
<doc>Verifies that element ``locator`` contains exact the text ``expected``.</doc>
<arguments>
<arg>css=.odd:nth-child(1) &gt; td:nth-child(1) &gt; small</arg>
<arg>ZZZ Oldest Test Program</arg>
</arguments>
<msg timestamp="20210106 13:30:45.382" level="INFO">Verifying element 'css=.odd:nth-child(1) &gt; td:nth-child(1) &gt; small' contains exact text 'ZZZ Oldest Test Program'.</msg>
<status status="PASS" starttime="20210106 13:30:45.381" endtime="20210106 13:30:45.814"></status>
</kw>
<kw name="Click Element" library="SeleniumLibrary">
<doc>Click the element identified by ``locator``.</doc>
<arguments>
<arg>css=.sorting_asc</arg>
</arguments>
<msg timestamp="20210106 13:30:45.815" level="INFO">Clicking element 'css=.sorting_asc'.</msg>
<status status="PASS" starttime="20210106 13:30:45.815" endtime="20210106 13:30:46.276"></status>
</kw>
<kw name="Element Text Should Be" library="SeleniumLibrary">
<doc>Verifies that element ``locator`` contains exact the text ``expected``.</doc>
<arguments>
<arg>css=.odd:nth-child(1) &gt; td:nth-child(1) &gt; small</arg>
<arg>Adolescent health and development program</arg>
</arguments>
<msg timestamp="20210106 13:30:46.277" level="INFO">Verifying element 'css=.odd:nth-child(1) &gt; td:nth-child(1) &gt; small' contains exact text 'Adolescent health and development program'.</msg>
<status status="PASS" starttime="20210106 13:30:46.276" endtime="20210106 13:30:46.714"></status>
</kw>
<kw name="Click Element" library="SeleniumLibrary">
<doc>Click the element identified by ``locator``.</doc>
<arguments>
<arg>css=.odd:nth-child(1) .btn</arg>
</arguments>
<msg timestamp="20210106 13:30:46.715" level="INFO">Clicking element 'css=.odd:nth-child(1) .btn'.</msg>
<status status="PASS" starttime="20210106 13:30:46.714" endtime="20210106 13:30:47.198"></status>
</kw>
<kw name="Page Should Contain Element" library="SeleniumLibrary">
<doc>Verifies that element ``locator`` is found on the current page.</doc>
<arguments>
<arg>css=#a5fd721786161150d2281c550 #programsave</arg>
</arguments>
<msg timestamp="20210106 13:30:47.416" level="INFO">Current page contains element 'css=#a5fd721786161150d2281c550 #programsave'.</msg>
<status status="PASS" starttime="20210106 13:30:47.198" endtime="20210106 13:30:47.417"></status>
</kw>
<kw name="Click Element" library="SeleniumLibrary">
<doc>Click the element identified by ``locator``.</doc>
<arguments>
<arg>css=#a5fd721786161150d2281c550 .btn-secondary</arg>
</arguments>
<msg timestamp="20210106 13:30:47.417" level="INFO">Clicking element 'css=#a5fd721786161150d2281c550 .btn-secondary'.</msg>
<status status="PASS" starttime="20210106 13:30:47.417" endtime="20210106 13:30:47.878"></status>
</kw>
<kw name="Click Element" library="SeleniumLibrary">
<doc>Click the element identified by ``locator``.</doc>
<arguments>
<arg>css=input:nth-child(1)</arg>
</arguments>
<msg timestamp="20210106 13:30:47.880" level="INFO">Clicking element 'css=input:nth-child(1)'.</msg>
<status status="PASS" starttime="20210106 13:30:47.879" endtime="20210106 13:30:48.364"></status>
</kw>
<kw name="Input Text" library="SeleniumLibrary">
<doc>Types the given ``text`` into the text field identified by ``locator``.</doc>
<arguments>
<arg>css=input:nth-child(1)</arg>
<arg>test</arg>
</arguments>
<msg timestamp="20210106 13:30:48.366" level="INFO">Typing text 'test' into text field 'css=input:nth-child(1)'.</msg>
<status status="PASS" starttime="20210106 13:30:48.365" endtime="20210106 13:30:49.096"></status>
</kw>
<kw name="Page Should Contain Element" library="SeleniumLibrary">
<doc>Verifies that element ``locator`` is found on the current page.</doc>
<arguments>
<arg>css=.odd:nth-child(1) &gt; td:nth-child(1) &gt; small</arg>
</arguments>
<msg timestamp="20210106 13:30:49.313" level="INFO">Current page contains element 'css=.odd:nth-child(1) &gt; td:nth-child(1) &gt; small'.</msg>
<status status="PASS" starttime="20210106 13:30:49.097" endtime="20210106 13:30:49.313"></status>
</kw>
<kw name="Element Text Should Be" library="SeleniumLibrary">
<doc>Verifies that element ``locator`` contains exact the text ``expected``.</doc>
<arguments>
<arg>css=.odd:nth-child(1) &gt; td:nth-child(1) &gt; small</arg>
<arg>ZZZ Oldest Test Program</arg>
</arguments>
<msg timestamp="20210106 13:30:49.315" level="INFO">Verifying element 'css=.odd:nth-child(1) &gt; td:nth-child(1) &gt; small' contains exact text 'ZZZ Oldest Test Program'.</msg>
<status status="PASS" starttime="20210106 13:30:49.314" endtime="20210106 13:30:49.755"></status>
</kw>
<kw name="Click Link" library="SeleniumLibrary">
<doc>Clicks a link identified by ``locator``.</doc>
<arguments>
<arg>link=Health Programs</arg>
</arguments>
<msg timestamp="20210106 13:30:49.757" level="INFO">Clicking link 'link=Health Programs'.</msg>
<status status="PASS" starttime="20210106 13:30:49.756" endtime="20210106 13:30:50.925"></status>
</kw>
<kw name="Click Element" library="SeleniumLibrary">
<doc>Click the element identified by ``locator``.</doc>
<arguments>
<arg>css=.sorting:nth-child(1)</arg>
</arguments>
<msg timestamp="20210106 13:30:50.926" level="INFO">Clicking element 'css=.sorting:nth-child(1)'.</msg>
<status status="PASS" starttime="20210106 13:30:50.926" endtime="20210106 13:30:51.400"></status>
</kw>
<kw name="Element Text Should Be" library="SeleniumLibrary">
<doc>Verifies that element ``locator`` contains exact the text ``expected``.</doc>
<arguments>
<arg>css=.odd:nth-child(1) &gt; td:nth-child(1) &gt; small</arg>
<arg>AAA Latest Test Program</arg>
</arguments>
<msg timestamp="20210106 13:30:51.401" level="INFO">Verifying element 'css=.odd:nth-child(1) &gt; td:nth-child(1) &gt; small' contains exact text 'AAA Latest Test Program'.</msg>
<status status="PASS" starttime="20210106 13:30:51.401" endtime="20210106 13:30:51.840"></status>
</kw>
<kw name="Click Element" library="SeleniumLibrary">
<doc>Click the element identified by ``locator``.</doc>
<arguments>
<arg>id=hp-table_next</arg>
</arguments>
<msg timestamp="20210106 13:30:51.842" level="INFO">Clicking element 'id=hp-table_next'.</msg>
<status status="PASS" starttime="20210106 13:30:51.841" endtime="20210106 13:30:52.331"></status>
</kw>
<kw name="Element Text Should Be" library="SeleniumLibrary">
<doc>Verifies that element ``locator`` contains exact the text ``expected``.</doc>
<arguments>
<arg>css=.even:nth-child(8) &gt; .sorting_1 &gt; small</arg>
<arg>ZZZ Oldest Test Program</arg>
</arguments>
<msg timestamp="20210106 13:30:52.332" level="INFO">Verifying element 'css=.even:nth-child(8) &gt; .sorting_1 &gt; small' contains exact text 'ZZZ Oldest Test Program'.</msg>
<status status="PASS" starttime="20210106 13:30:52.332" endtime="20210106 13:30:52.781"></status>
</kw>
<kw name="Click Element" library="SeleniumLibrary">
<doc>Click the element identified by ``locator``.</doc>
<arguments>
<arg>id=hp-table_previous</arg>
</arguments>
<msg timestamp="20210106 13:30:52.782" level="INFO">Clicking element 'id=hp-table_previous'.</msg>
<status status="PASS" starttime="20210106 13:30:52.781" endtime="20210106 13:30:53.265"></status>
</kw>
<kw name="Element Text Should Be" library="SeleniumLibrary">
<doc>Verifies that element ``locator`` contains exact the text ``expected``.</doc>
<arguments>
<arg>css=.odd:nth-child(1) &gt; td:nth-child(1) &gt; small</arg>
<arg>AAA Latest Test Program</arg>
</arguments>
<msg timestamp="20210106 13:30:53.266" level="INFO">Verifying element 'css=.odd:nth-child(1) &gt; td:nth-child(1) &gt; small' contains exact text 'AAA Latest Test Program'.</msg>
<status status="PASS" starttime="20210106 13:30:53.265" endtime="20210106 13:30:53.707"></status>
</kw>
<kw name="Close Browser" library="SeleniumLibrary" type="teardown">
<doc>Closes the current browser.</doc>
<status status="PASS" starttime="20210106 13:30:53.709" endtime="20210106 13:30:54.000"></status>
</kw>
<status status="PASS" starttime="20210106 13:30:24.102" endtime="20210106 13:30:54.001" critical="yes"></status>
</test>
<doc>A test suite with tests for Health Program.

This test has a workflow that is created using keywords
directly from SeleniumLibrary</doc>
<status status="PASS" starttime="20210106 13:30:01.638" endtime="20210106 13:30:54.004"></status>
</suite>
<suite id="s1-s3" name="Health Program Register" source="/Users/victortulabot/Desktop/stsweng-kubernetes/src/tests/health_program_register.robot">
<test id="s1-s3-t1" name="Without Login Health Program Register">
<kw name="Open Browser" library="SeleniumLibrary">
<doc>Opens a new browser instance to the optional ``url``.</doc>
<arguments>
<arg>${SERVER}</arg>
<arg>${BROWSER}</arg>
</arguments>
<msg timestamp="20210106 13:30:54.018" level="INFO">Opening browser 'Chrome' to base url 'localhost:3001'.</msg>
<status status="PASS" starttime="20210106 13:30:54.017" endtime="20210106 13:30:58.416"></status>
</kw>
<kw name="Click Link" library="SeleniumLibrary">
<doc>Clicks a link identified by ``locator``.</doc>
<arguments>
<arg>link=Health Programs</arg>
</arguments>
<msg timestamp="20210106 13:30:58.420" level="INFO">Clicking link 'link=Health Programs'.</msg>
<status status="PASS" starttime="20210106 13:30:58.418" endtime="20210106 13:30:59.625"></status>
</kw>
<kw name="Page Should Contain Element" library="SeleniumLibrary">
<doc>Verifies that element ``locator`` is found on the current page.</doc>
<arguments>
<arg>css=#hp-table_filter &gt; label</arg>
</arguments>
<msg timestamp="20210106 13:30:59.848" level="INFO">Current page contains element 'css=#hp-table_filter &gt; label'.</msg>
<status status="PASS" starttime="20210106 13:30:59.626" endtime="20210106 13:30:59.849"></status>
</kw>
<kw name="Set Selenium Speed" library="SeleniumLibrary">
<doc>Sets the delay that is waited after each Selenium command.</doc>
<arguments>
<arg>1</arg>
</arguments>
<status status="PASS" starttime="20210106 13:30:59.850" endtime="20210106 13:30:59.850"></status>
</kw>
<kw name="Click Element" library="SeleniumLibrary">
<doc>Click the element identified by ``locator``.</doc>
<arguments>
<arg>css=.odd:nth-child(1) .btn</arg>
</arguments>
<msg timestamp="20210106 13:30:59.851" level="INFO">Clicking element 'css=.odd:nth-child(1) .btn'.</msg>
<status status="PASS" starttime="20210106 13:30:59.851" endtime="20210106 13:31:01.947"></status>
</kw>
<kw name="Login Page Should Be Open" library="resource">
<kw name="Wait Until Page Contains Element" library="SeleniumLibrary">
<doc>Waits until the element ``locator`` appears on the current page.</doc>
<arguments>
<arg>id=loginbtn</arg>
</arguments>
<status status="PASS" starttime="20210106 13:31:01.949" endtime="20210106 13:31:02.969"></status>
</kw>
<status status="PASS" starttime="20210106 13:31:01.947" endtime="20210106 13:31:02.970"></status>
</kw>
<kw name="Input Username" library="resource">
<arguments>
<arg>sample@gmail.com</arg>
</arguments>
<kw name="Input Text" library="SeleniumLibrary">
<doc>Types the given ``text`` into the text field identified by ``locator``.</doc>
<arguments>
<arg>id=loginemail_modal</arg>
<arg>${username}</arg>
</arguments>
<msg timestamp="20210106 13:31:02.972" level="INFO">Typing text 'sample@gmail.com' into text field 'id=loginemail_modal'.</msg>
<status status="PASS" starttime="20210106 13:31:02.971" endtime="20210106 13:31:06.232"></status>
</kw>
<status status="PASS" starttime="20210106 13:31:02.970" endtime="20210106 13:31:06.233"></status>
</kw>
<kw name="Set Selenium Speed" library="SeleniumLibrary">
<doc>Sets the delay that is waited after each Selenium command.</doc>
<arguments>
<arg>0.2</arg>
</arguments>
<status status="PASS" starttime="20210106 13:31:06.234" endtime="20210106 13:31:06.235"></status>
</kw>
<kw name="Input Password" library="resource">
<arguments>
<arg>sample12</arg>
</arguments>
<kw name="Input Text" library="SeleniumLibrary">
<doc>Types the given ``text`` into the text field identified by ``locator``.</doc>
<arguments>
<arg>id=loginpass_modal</arg>
<arg>${password}</arg>
</arguments>
<msg timestamp="20210106 13:31:06.239" level="INFO">Typing text 'sample12' into text field 'id=loginpass_modal'.</msg>
<status status="PASS" starttime="20210106 13:31:06.238" endtime="20210106 13:31:06.982"></status>
</kw>
<status status="PASS" starttime="20210106 13:31:06.236" endtime="20210106 13:31:06.983"></status>
</kw>
<kw name="Click Button" library="SeleniumLibrary">
<doc>Clicks the button identified by ``locator``.</doc>
<arguments>
<arg>id=loginbtn</arg>
</arguments>
<msg timestamp="20210106 13:31:06.984" level="INFO">Clicking button 'id=loginbtn'.</msg>
<status status="PASS" starttime="20210106 13:31:06.984" endtime="20210106 13:31:08.649"></status>
</kw>
<kw name="Page Should Contain Element" library="SeleniumLibrary">
<doc>Verifies that element ``locator`` is found on the current page.</doc>
<arguments>
<arg>css=.ml-auto &gt; .nav-item:nth-child(1) &gt; .nav-link</arg>
</arguments>
<msg timestamp="20210106 13:31:08.873" level="INFO">Current page contains element 'css=.ml-auto &gt; .nav-item:nth-child(1) &gt; .nav-link'.</msg>
<status status="PASS" starttime="20210106 13:31:08.650" endtime="20210106 13:31:08.874"></status>
</kw>
<kw name="Page Should Contain Element" library="SeleniumLibrary">
<doc>Verifies that element ``locator`` is found on the current page.</doc>
<arguments>
<arg>css=#hp-table_filter &gt; label</arg>
</arguments>
<msg timestamp="20210106 13:31:09.085" level="INFO">Current page contains element 'css=#hp-table_filter &gt; label'.</msg>
<status status="PASS" starttime="20210106 13:31:08.874" endtime="20210106 13:31:09.085"></status>
</kw>
<kw name="Click Element" library="SeleniumLibrary">
<doc>Click the element identified by ``locator``.</doc>
<arguments>
<arg>css=input:nth-child(1)</arg>
</arguments>
<msg timestamp="20210106 13:31:09.087" level="INFO">Clicking element 'css=input:nth-child(1)'.</msg>
<status status="PASS" starttime="20210106 13:31:09.086" endtime="20210106 13:31:09.566"></status>
</kw>
<kw name="Input Text" library="SeleniumLibrary">
<doc>Types the given ``text`` into the text field identified by ``locator``.</doc>
<arguments>
<arg>css=input:nth-child(1)</arg>
<arg>test</arg>
</arguments>
<msg timestamp="20210106 13:31:09.567" level="INFO">Typing text 'test' into text field 'css=input:nth-child(1)'.</msg>
<status status="PASS" starttime="20210106 13:31:09.567" endtime="20210106 13:31:10.292"></status>
</kw>
<kw name="Page Should Contain Element" library="SeleniumLibrary">
<doc>Verifies that element ``locator`` is found on the current page.</doc>
<arguments>
<arg>css=.odd:nth-child(1) &gt; td:nth-child(1) &gt; small</arg>
</arguments>
<msg timestamp="20210106 13:31:10.515" level="INFO">Current page contains element 'css=.odd:nth-child(1) &gt; td:nth-child(1) &gt; small'.</msg>
<status status="PASS" starttime="20210106 13:31:10.293" endtime="20210106 13:31:10.515"></status>
</kw>
<kw name="Click Element" library="SeleniumLibrary">
<doc>Click the element identified by ``locator``.</doc>
<arguments>
<arg>css=.odd:nth-child(3) .btn</arg>
</arguments>
<msg timestamp="20210106 13:31:10.516" level="INFO">Clicking element 'css=.odd:nth-child(3) .btn'.</msg>
<status status="PASS" starttime="20210106 13:31:10.515" endtime="20210106 13:31:11.020"></status>
</kw>
<kw name="Page Should Contain Element" library="SeleniumLibrary">
<doc>Verifies that element ``locator`` is found on the current page.</doc>
<arguments>
<arg>css=#a5fd721786161150d2281c55c #programsave</arg>
</arguments>
<msg timestamp="20210106 13:31:11.240" level="INFO">Current page contains element 'css=#a5fd721786161150d2281c55c #programsave'.</msg>
<status status="PASS" starttime="20210106 13:31:11.020" endtime="20210106 13:31:11.241"></status>
</kw>
<kw name="Click Element" library="SeleniumLibrary">
<doc>Click the element identified by ``locator``.</doc>
<arguments>
<arg>css=#a5fd721786161150d2281c55c .btn-secondary</arg>
</arguments>
<msg timestamp="20210106 13:31:11.243" level="INFO">Clicking element 'css=#a5fd721786161150d2281c55c .btn-secondary'.</msg>
<status status="PASS" starttime="20210106 13:31:11.242" endtime="20210106 13:31:11.716"></status>
</kw>
<kw name="Click Element" library="SeleniumLibrary">
<doc>Click the element identified by ``locator``.</doc>
<arguments>
<arg>css=.odd:nth-child(3) .btn</arg>
</arguments>
<msg timestamp="20210106 13:31:11.718" level="INFO">Clicking element 'css=.odd:nth-child(3) .btn'.</msg>
<status status="PASS" starttime="20210106 13:31:11.717" endtime="20210106 13:31:12.179"></status>
</kw>
<kw name="Invalid Register Field">
<kw name="Click Element" library="SeleniumLibrary">
<doc>Click the element identified by ``locator``.</doc>
<arguments>
<arg>css=#a5fd721786161150d2281c55c #programsave</arg>
</arguments>
<msg timestamp="20210106 13:31:12.181" level="INFO">Clicking element 'css=#a5fd721786161150d2281c55c #programsave'.</msg>
<status status="PASS" starttime="20210106 13:31:12.180" endtime="20210106 13:31:13.099"></status>
</kw>
<kw name="Element Text Should Be" library="SeleniumLibrary">
<doc>Verifies that element ``locator`` contains exact the text ``expected``.</doc>
<arguments>
<arg>css=.alert</arg>
[...]
<status status="PASS" starttime="20210106 13:32:47.607" endtime="20210106 13:32:47.823"></status>
</kw>
<kw name="Close Browser" library="SeleniumLibrary" type="teardown">
<doc>Closes the current browser.</doc>
<status status="PASS" starttime="20210106 13:32:47.824" endtime="20210106 13:32:48.145"></status>
</kw>
<status status="PASS" starttime="20210106 13:32:36.224" endtime="20210106 13:32:48.145" critical="yes"></status>
</test>
<doc>A test suite with tests for login.

This test has a workflow that is created using keywords
directly from SeleniumLibrary</doc>
<status status="PASS" starttime="20210106 13:32:17.609" endtime="20210106 13:32:48.149"></status>
</suite>
<suite id="s1-s5" name="User Profile" source="/Users/victortulabot/Desktop/stsweng-kubernetes/src/tests/user_profile.robot">
<test id="s1-s5-t1" name="Valid User Profile">
<kw name="Successful Login" library="resource">
<kw name="Open Browser To Login Page" library="resource">
<kw name="Open Browser" library="SeleniumLibrary">
<doc>Opens a new browser instance to the optional ``url``.</doc>
<arguments>
<arg>${SERVER}</arg>
<arg>${BROWSER}</arg>
</arguments>
<msg timestamp="20210106 13:32:48.161" level="INFO">Opening browser 'Chrome' to base url 'localhost:3001'.</msg>
<status status="PASS" starttime="20210106 13:32:48.160" endtime="20210106 13:32:53.261"></status>
</kw>
<kw name="Click Link" library="SeleniumLibrary">
<doc>Clicks a link identified by ``locator``.</doc>
<arguments>
<arg>link=Login</arg>
</arguments>
<msg timestamp="20210106 13:32:53.263" level="INFO">Clicking link 'link=Login'.</msg>
<status status="PASS" starttime="20210106 13:32:53.262" endtime="20210106 13:32:53.976"></status>
</kw>
<kw name="Login Page Should Be Open" library="resource">
<kw name="Wait Until Page Contains Element" library="SeleniumLibrary">
<doc>Waits until the element ``locator`` appears on the current page.</doc>
<arguments>
<arg>id=loginbtn</arg>
</arguments>
<status status="PASS" starttime="20210106 13:32:53.978" endtime="20210106 13:32:54.190"></status>
</kw>
<status status="PASS" starttime="20210106 13:32:53.977" endtime="20210106 13:32:54.191"></status>
</kw>
<kw name="Set Selenium Speed" library="SeleniumLibrary">
<doc>Sets the delay that is waited after each Selenium command.</doc>
<arguments>
<arg>${DELAY}</arg>
</arguments>
<status status="PASS" starttime="20210106 13:32:54.191" endtime="20210106 13:32:54.193"></status>
</kw>
<status status="PASS" starttime="20210106 13:32:48.160" endtime="20210106 13:32:54.194"></status>
</kw>
<kw name="Login Page Should Be Open" library="resource">
<kw name="Wait Until Page Contains Element" library="SeleniumLibrary">
<doc>Waits until the element ``locator`` appears on the current page.</doc>
<arguments>
<arg>id=loginbtn</arg>
</arguments>
<status status="PASS" starttime="20210106 13:32:54.195" endtime="20210106 13:32:54.406"></status>
</kw>
<status status="PASS" starttime="20210106 13:32:54.194" endtime="20210106 13:32:54.406"></status>
</kw>
<kw name="Input Username" library="resource">
<arguments>
<arg>sample@gmail.com</arg>
</arguments>
<kw name="Input Text" library="SeleniumLibrary">
<doc>Types the given ``text`` into the text field identified by ``locator``.</doc>
<arguments>
<arg>id=loginemail_modal</arg>
<arg>${username}</arg>
</arguments>
<msg timestamp="20210106 13:32:54.409" level="INFO">Typing text 'sample@gmail.com' into text field 'id=loginemail_modal'.</msg>
<status status="PASS" starttime="20210106 13:32:54.408" endtime="20210106 13:32:55.229"></status>
</kw>
<status status="PASS" starttime="20210106 13:32:54.407" endtime="20210106 13:32:55.229"></status>
</kw>
<kw name="Input Password" library="resource">
<arguments>
<arg>sample12</arg>
</arguments>
<kw name="Input Text" library="SeleniumLibrary">
<doc>Types the given ``text`` into the text field identified by ``locator``.</doc>
<arguments>
<arg>id=loginpass_modal</arg>
<arg>${password}</arg>
</arguments>
<msg timestamp="20210106 13:32:55.231" level="INFO">Typing text 'sample12' into text field 'id=loginpass_modal'.</msg>
<status status="PASS" starttime="20210106 13:32:55.230" endtime="20210106 13:32:55.956"></status>
</kw>
<status status="PASS" starttime="20210106 13:32:55.229" endtime="20210106 13:32:55.956"></status>
</kw>
<kw name="Click Button" library="SeleniumLibrary">
<doc>Clicks the button identified by ``locator``.</doc>
<arguments>
<arg>id=loginbtn</arg>
</arguments>
<msg timestamp="20210106 13:32:55.957" level="INFO">Clicking button 'id=loginbtn'.</msg>
<status status="PASS" starttime="20210106 13:32:55.956" endtime="20210106 13:32:58.279"></status>
</kw>
<kw name="User Profile Page Should Be Open" library="resource">
<kw name="Wait Until Page Contains Element" library="SeleniumLibrary">
<doc>Waits until the element ``locator`` appears on the current page.</doc>
<arguments>
<arg>id=profileapp-table_wrapper</arg>
</arguments>
<status status="PASS" starttime="20210106 13:32:58.280" endtime="20210106 13:32:58.499"></status>
</kw>
<kw name="Element Text Should Be" library="SeleniumLibrary">
<doc>Verifies that element ``locator`` contains exact the text ``expected``.</doc>
<arguments>
<arg>css=p:nth-child(3)</arg>
<arg>Address: 123 Blk 00, sample's address\nContact Number: 09177112470\nBirthday: 1998-12-17</arg>
</arguments>
<msg timestamp="20210106 13:32:58.501" level="INFO">Verifying element 'css=p:nth-child(3)' contains exact text 'Address: 123 Blk 00, sample's address
Contact Number: 09177112470
Birthday: 1998-12-17'.</msg>
<status status="PASS" starttime="20210106 13:32:58.500" endtime="20210106 13:32:58.949"></status>
</kw>
<kw name="Element Text Should Be" library="SeleniumLibrary">
<doc>Verifies that element ``locator`` contains exact the text ``expected``.</doc>
<arguments>
<arg>css=.nav-item &gt; h6</arg>
<arg>Last, First</arg>
</arguments>
<msg timestamp="20210106 13:32:58.950" level="INFO">Verifying element 'css=.nav-item &gt; h6' contains exact text 'Last, First'.</msg>
<status status="PASS" starttime="20210106 13:32:58.950" endtime="20210106 13:32:59.396"></status>
</kw>
<status status="PASS" starttime="20210106 13:32:58.279" endtime="20210106 13:32:59.396"></status>
</kw>
<status status="PASS" starttime="20210106 13:32:48.160" endtime="20210106 13:32:59.397"></status>
</kw>
<kw name="User Profile Page Should Be Open" library="resource">
<kw name="Wait Until Page Contains Element" library="SeleniumLibrary">
<doc>Waits until the element ``locator`` appears on the current page.</doc>
<arguments>
<arg>id=profileapp-table_wrapper</arg>
</arguments>
<status status="PASS" starttime="20210106 13:32:59.398" endtime="20210106 13:32:59.615"></status>
</kw>
<kw name="Element Text Should Be" library="SeleniumLibrary">
<doc>Verifies that element ``locator`` contains exact the text ``expected``.</doc>
<arguments>
<arg>css=p:nth-child(3)</arg>
<arg>Address: 123 Blk 00, sample's address\nContact Number: 09177112470\nBirthday: 1998-12-17</arg>
</arguments>
<msg timestamp="20210106 13:32:59.617" level="INFO">Verifying element 'css=p:nth-child(3)' contains exact text 'Address: 123 Blk 00, sample's address
Contact Number: 09177112470
Birthday: 1998-12-17'.</msg>
<status status="PASS" starttime="20210106 13:32:59.616" endtime="20210106 13:33:00.049"></status>
</kw>
<kw name="Element Text Should Be" library="SeleniumLibrary">
<doc>Verifies that element ``locator`` contains exact the text ``expected``.</doc>
<arguments>
<arg>css=.nav-item &gt; h6</arg>
<arg>Last, First</arg>
</arguments>
<msg timestamp="20210106 13:33:00.051" level="INFO">Verifying element 'css=.nav-item &gt; h6' contains exact text 'Last, First'.</msg>
<status status="PASS" starttime="20210106 13:33:00.050" endtime="20210106 13:33:00.479"></status>
</kw>
<status status="PASS" starttime="20210106 13:32:59.397" endtime="20210106 13:33:00.480"></status>
</kw>
<kw name="Click Element" library="SeleniumLibrary">
<doc>Click the element identified by ``locator``.</doc>
<arguments>
<arg>css=.shrink</arg>
</arguments>
<msg timestamp="20210106 13:33:00.481" level="INFO">Clicking element 'css=.shrink'.</msg>
<status status="PASS" starttime="20210106 13:33:00.480" endtime="20210106 13:33:01.082"></status>
</kw>
<kw name="Page Should Contain Element" library="SeleniumLibrary">
<doc>Verifies that element ``locator`` is found on the current page.</doc>
<arguments>
<arg>css=.ml-auto &gt; .nav-item:nth-child(1) &gt; .nav-link</arg>
</arguments>
<msg timestamp="20210106 13:33:01.308" level="INFO">Current page contains element 'css=.ml-auto &gt; .nav-item:nth-child(1) &gt; .nav-link'.</msg>
<status status="PASS" starttime="20210106 13:33:01.083" endtime="20210106 13:33:01.309"></status>
</kw>
<kw name="Click Link" library="SeleniumLibrary">
<doc>Clicks a link identified by ``locator``.</doc>
<arguments>
<arg>link=My Dashboard</arg>
</arguments>
<msg timestamp="20210106 13:33:01.310" level="INFO">Clicking link 'link=My Dashboard'.</msg>
<status status="PASS" starttime="20210106 13:33:01.310" endtime="20210106 13:33:02.411"></status>
</kw>
<kw name="User Profile Page Should Be Open" library="resource">
<kw name="Wait Until Page Contains Element" library="SeleniumLibrary">
<doc>Waits until the element ``locator`` appears on the current page.</doc>
<arguments>
<arg>id=profileapp-table_wrapper</arg>
</arguments>
<status status="PASS" starttime="20210106 13:33:02.413" endtime="20210106 13:33:02.632"></status>
</kw>
<kw name="Element Text Should Be" library="SeleniumLibrary">
<doc>Verifies that element ``locator`` contains exact the text ``expected``.</doc>
<arguments>
<arg>css=p:nth-child(3)</arg>
<arg>Address: 123 Blk 00, sample's address\nContact Number: 09177112470\nBirthday: 1998-12-17</arg>
</arguments>
<msg timestamp="20210106 13:33:02.634" level="INFO">Verifying element 'css=p:nth-child(3)' contains exact text 'Address: 123 Blk 00, sample's address
Contact Number: 09177112470
Birthday: 1998-12-17'.</msg>
<status status="PASS" starttime="20210106 13:33:02.633" endtime="20210106 13:33:03.077"></status>
</kw>
<kw name="Element Text Should Be" library="SeleniumLibrary">
<doc>Verifies that element ``locator`` contains exact the text ``expected``.</doc>
<arguments>
<arg>css=.nav-item &gt; h6</arg>
<arg>Last, First</arg>
</arguments>
<msg timestamp="20210106 13:33:03.078" level="INFO">Verifying element 'css=.nav-item &gt; h6' contains exact text 'Last, First'.</msg>
<status status="PASS" starttime="20210106 13:33:03.077" endtime="20210106 13:33:03.523"></status>
</kw>
<status status="PASS" starttime="20210106 13:33:02.412" endtime="20210106 13:33:03.523"></status>
</kw>
<kw name="Click Link" library="SeleniumLibrary">
<doc>Clicks a link identified by ``locator``.</doc>
<arguments>
<arg>link=Dashboard</arg>
</arguments>
<msg timestamp="20210106 13:33:03.524" level="INFO">Clicking link 'link=Dashboard'.</msg>
<status status="PASS" starttime="20210106 13:33:03.524" endtime="20210106 13:33:04.624"></status>
</kw>
<kw name="User Profile Page Should Be Open" library="resource">
<kw name="Wait Until Page Contains Element" library="SeleniumLibrary">
<doc>Waits until the element ``locator`` appears on the current page.</doc>
<arguments>
<arg>id=profileapp-table_wrapper</arg>
</arguments>
<status status="PASS" starttime="20210106 13:33:04.628" endtime="20210106 13:33:04.842"></status>
</kw>
<kw name="Element Text Should Be" library="SeleniumLibrary">
<doc>Verifies that element ``locator`` contains exact the text ``expected``.</doc>
<arguments>
<arg>css=p:nth-child(3)</arg>
<arg>Address: 123 Blk 00, sample's address\nContact Number: 09177112470\nBirthday: 1998-12-17</arg>
</arguments>
<msg timestamp="20210106 13:33:04.843" level="INFO">Verifying element 'css=p:nth-child(3)' contains exact text 'Address: 123 Blk 00, sample's address
Contact Number: 09177112470
Birthday: 1998-12-17'.</msg>
<status status="PASS" starttime="20210106 13:33:04.842" endtime="20210106 13:33:05.279"></status>
</kw>
<kw name="Element Text Should Be" library="SeleniumLibrary">
<doc>Verifies that element ``locator`` contains exact the text ``expected``.</doc>
<arguments>
<arg>css=.nav-item &gt; h6</arg>
<arg>Last, First</arg>
</arguments>
<msg timestamp="20210106 13:33:05.280" level="INFO">Verifying element 'css=.nav-item &gt; h6' contains exact text 'Last, First'.</msg>
<status status="PASS" starttime="20210106 13:33:05.280" endtime="20210106 13:33:05.720"></status>
</kw>
<status status="PASS" starttime="20210106 13:33:04.625" endtime="20210106 13:33:05.720"></status>
</kw>
<kw name="Click Link" library="SeleniumLibrary">
<doc>Clicks a link identified by ``locator``.</doc>
<arguments>
<arg>link=Health Programs</arg>
</arguments>
<msg timestamp="20210106 13:33:05.721" level="INFO">Clicking link 'link=Health Programs'.</msg>
<status status="PASS" starttime="20210106 13:33:05.721" endtime="20210106 13:33:06.701"></status>
</kw>
<kw name="Page Should Contain Element" library="SeleniumLibrary">
<doc>Verifies that element ``locator`` is found on the current page.</doc>
<arguments>
<arg>css=#hp-table_filter &gt; label</arg>
</arguments>
<msg timestamp="20210106 13:33:06.924" level="INFO">Current page contains element 'css=#hp-table_filter &gt; label'.</msg>
<status status="PASS" starttime="20210106 13:33:06.702" endtime="20210106 13:33:06.924"></status>
</kw>
<kw name="Click Link" library="SeleniumLibrary">
<doc>Clicks a link identified by ``locator``.</doc>
<arguments>
<arg>link=My Dashboard</arg>
</arguments>
<msg timestamp="20210106 13:33:06.926" level="INFO">Clicking link 'link=My Dashboard'.</msg>
<status status="PASS" starttime="20210106 13:33:06.926" endtime="20210106 13:33:08.016"></status>
</kw>
<kw name="User Profile Page Should Be Open" library="resource">
<kw name="Wait Until Page Contains Element" library="SeleniumLibrary">
<doc>Waits until the element ``locator`` appears on the current page.</doc>
<arguments>
<arg>id=profileapp-table_wrapper</arg>
</arguments>
<status status="PASS" starttime="20210106 13:33:08.018" endtime="20210106 13:33:08.233"></status>
</kw>
<kw name="Element Text Should Be" library="SeleniumLibrary">
<doc>Verifies that element ``locator`` contains exact the text ``expected``.</doc>
<arguments>
<arg>css=p:nth-child(3)</arg>
<arg>Address: 123 Blk 00, sample's address\nContact Number: 09177112470\nBirthday: 1998-12-17</arg>
</arguments>
<msg timestamp="20210106 13:33:08.234" level="INFO">Verifying element 'css=p:nth-child(3)' contains exact text 'Address: 123 Blk 00, sample's address
Contact Number: 09177112470
Birthday: 1998-12-17'.</msg>
<status status="PASS" starttime="20210106 13:33:08.234" endtime="20210106 13:33:08.675"></status>
</kw>
<kw name="Element Text Should Be" library="SeleniumLibrary">
<doc>Verifies that element ``locator`` contains exact the text ``expected``.</doc>
<arguments>
<arg>css=.nav-item &gt; h6</arg>
<arg>Last, First</arg>
</arguments>
<msg timestamp="20210106 13:33:08.677" level="INFO">Verifying element 'css=.nav-item &gt; h6' contains exact text 'Last, First'.</msg>
<status status="PASS" starttime="20210106 13:33:08.676" endtime="20210106 13:33:09.116"></status>
</kw>
<status status="PASS" starttime="20210106 13:33:08.017" endtime="20210106 13:33:09.117"></status>
</kw>
<kw name="Click Link" library="SeleniumLibrary">
<doc>Clicks a link identified by ``locator``.</doc>
<arguments>
<arg>link=Doctors</arg>
</arguments>
<msg timestamp="20210106 13:33:09.119" level="INFO">Clicking link 'link=Doctors'.</msg>
<status status="PASS" starttime="20210106 13:33:09.118" endtime="20210106 13:33:10.058"></status>
</kw>
<kw name="Page Should Contain Element" library="SeleniumLibrary">
<doc>Verifies that element ``locator`` is found on the current page.</doc>
<arguments>
<arg>id=filter</arg>
</arguments>
<msg timestamp="20210106 13:33:10.274" level="INFO">Current page contains element 'id=filter'.</msg>
<status status="PASS" starttime="20210106 13:33:10.059" endtime="20210106 13:33:10.275"></status>
</kw>
<kw name="Click Link" library="SeleniumLibrary">
<doc>Clicks a link identified by ``locator``.</doc>
<arguments>
<arg>link=My Dashboard</arg>
</arguments>
<msg timestamp="20210106 13:33:10.276" level="INFO">Clicking link 'link=My Dashboard'.</msg>
<status status="PASS" starttime="20210106 13:33:10.276" endtime="20210106 13:33:11.400"></status>
</kw>
<kw name="User Profile Page Should Be Open" library="resource">
<kw name="Wait Until Page Contains Element" library="SeleniumLibrary">
<doc>Waits until the element ``locator`` appears on the current page.</doc>
<arguments>
<arg>id=profileapp-table_wrapper</arg>
</arguments>
<status status="PASS" starttime="20210106 13:33:11.401" endtime="20210106 13:33:11.616"></status>
</kw>
<kw name="Element Text Should Be" library="SeleniumLibrary">
<doc>Verifies that element ``locator`` contains exact the text ``expected``.</doc>
<arguments>
<arg>css=p:nth-child(3)</arg>
<arg>Address: 123 Blk 00, sample's address\nContact Number: 09177112470\nBirthday: 1998-12-17</arg>
</arguments>
<msg timestamp="20210106 13:33:11.618" level="INFO">Verifying element 'css=p:nth-child(3)' contains exact text 'Address: 123 Blk 00, sample's address
Contact Number: 09177112470
Birthday: 1998-12-17'.</msg>
<status status="PASS" starttime="20210106 13:33:11.617" endtime="20210106 13:33:12.058"></status>
</kw>
<kw name="Element Text Should Be" library="SeleniumLibrary">
<doc>Verifies that element ``locator`` contains exact the text ``expected``.</doc>
<arguments>
<arg>css=.nav-item &gt; h6</arg>
<arg>Last, First</arg>
</arguments>
<msg timestamp="20210106 13:33:12.059" level="INFO">Verifying element 'css=.nav-item &gt; h6' contains exact text 'Last, First'.</msg>
<status status="PASS" starttime="20210106 13:33:12.058" endtime="20210106 13:33:12.498"></status>
</kw>
<status status="PASS" starttime="20210106 13:33:11.401" endtime="20210106 13:33:12.498"></status>
</kw>
<kw name="Click Element" library="SeleniumLibrary">
<doc>Click the element identified by ``locator``.</doc>
<arguments>
<arg>link=Appointments</arg>
</arguments>
<msg timestamp="20210106 13:33:12.500" level="INFO">Clicking element 'link=Appointments'.</msg>
<status status="PASS" starttime="20210106 13:33:12.499" endtime="20210106 13:33:13.359"></status>
</kw>
<kw name="Page Should Contain Element" library="SeleniumLibrary">
<doc>Verifies that element ``locator`` is found on the current page.</doc>
<arguments>
<arg>id=submit_btn</arg>
</arguments>
<msg timestamp="20210106 13:33:13.583" level="INFO">Current page contains element 'id=submit_btn'.</msg>
<status status="PASS" starttime="20210106 13:33:13.361" endtime="20210106 13:33:13.584"></status>
</kw>
<kw name="Close Browser" library="SeleniumLibrary" type="teardown">
<doc>Closes the current browser.</doc>
<status status="PASS" starttime="20210106 13:33:13.585" endtime="20210106 13:33:13.883"></status>
</kw>
<status status="PASS" starttime="20210106 13:32:48.159" endtime="20210106 13:33:13.885" critical="yes"></status>
</test>
<doc>A test suite with tests for valid login of User Profile.

This test has a workflow that is created using keywords
directly from SeleniumLibrary</doc>
<status status="PASS" starttime="20210106 13:32:48.153" endtime="20210106 13:33:13.888"></status>
</suite>
<status status="PASS" starttime="20210106 13:29:16.039" endtime="20210106 13:33:13.895"></status>
</suite>
<statistics>
<total>
<stat pass="9" fail="0">Critical Tests</stat>
<stat pass="9" fail="0">All Tests</stat>
</total>
<tag>
</tag>
<suite>
<stat pass="9" fail="0" id="s1" name="Tests">Tests</stat>
<stat pass="1" fail="0" id="s1-s1" name="Appointment Register">Tests.Appointment Register</stat>
<stat pass="2" fail="0" id="s1-s2" name="Health Program Directory">Tests.Health Program Directory</stat>
<stat pass="2" fail="0" id="s1-s3" name="Health Program Register">Tests.Health Program Register</stat>
<stat pass="3" fail="0" id="s1-s4" name="Login">Tests.Login</stat>
<stat pass="1" fail="0" id="s1-s5" name="User Profile">Tests.User Profile</stat>
</suite>
</statistics>
<errors>
</errors>
</robot>
